2025-09-17 14:08:15,807 [INFO] Activator:176 - 


2025-09-17 14:08:15,811 [INFO] Activator:177 - !SESSION log4j initialized
2025-09-17 14:08:20,042 [INFO] LogOutputStream:77 - [STDOUT_REDIRECT] 
2025-09-17 14:08:20,887 [INFO] ApplicationProperties:184 - Using Application install path: C:\ST\STM32CubeIDE_1.19.0\STM32CubeIDE\plugins\com.st.stm32cube.common.mx_6.15.0.202507011659
2025-09-17 14:08:20,902 [INFO] DbMcusXml:78 - Set database path to: C:\ST\STM32CubeIDE_1.19.0\STM32CubeIDE\plugins\com.st.stm32cube.common.mx_6.15.0.202507011659\\db\/mcu/
2025-09-17 14:08:20,902 [INFO] ApiDb:274 - Set plugin database path to: C:\ST\STM32CubeIDE_1.19.0\STM32CubeIDE\plugins\com.st.stm32cube.common.mx_6.15.0.202507011659\\db\/plugins/boardmanager/
2025-09-17 14:08:20,903 [WARN] ApiDb:259 - Overriding images path with different value:  => C:\ST\STM32CubeIDE_1.19.0\STM32CubeIDE\plugins\com.st.stm32cube.common.mx_6.15.0.202507011659\\db\/plugins/mcufinder/images/
2025-09-17 14:08:20,908 [INFO] ApiDb:250 - Set database path to: C:\Users\rafae\.stmcufinder\plugins\mcufinder//mcu/
2025-09-17 14:08:20,909 [INFO] DbMcusAds:125 - Set database path to: C:\Users\rafae\.stmcufinder\plugins\mcufinder//mcu/
2025-09-17 14:08:20,911 [INFO] CrossReferenceDbSqlite:203 - Set database path to: C:\Users\rafae\.stmcufinder\plugins\mcufinder//mcu/cs/
2025-09-17 14:08:21,004 [INFO] RulesReader:64 - Compatibility file has been processed (317 Rules)
2025-09-17 14:08:21,073 [INFO] DbMcusXml:78 - Set database path to: C:\ST\STM32CubeIDE_1.19.0\STM32CubeIDE\plugins\com.st.stm32cube.common.mx_6.15.0.202507011659\\db\/mcu/
2025-09-17 14:08:21,074 [INFO] ApiDb:274 - Set plugin database path to: C:\ST\STM32CubeIDE_1.19.0\STM32CubeIDE\plugins\com.st.stm32cube.common.mx_6.15.0.202507011659\\db\/plugins/boardmanager/
2025-09-17 14:08:21,074 [INFO] ApiDb:261 - Set plugin images path to: C:\ST\STM32CubeIDE_1.19.0\STM32CubeIDE\plugins\com.st.stm32cube.common.mx_6.15.0.202507011659\\db\/plugins/mcufinder/images/
2025-09-17 14:08:21,074 [WARN] DbFile:41 - Overriding database path with different value: C:\Users\rafae\.stmcufinder\plugins\mcufinder/ => C:\Users\rafae\.stmcufinder\plugins\mcufinder
2025-09-17 14:08:21,074 [INFO] ApiDb:250 - Set database path to: C:\Users\rafae\.stmcufinder\plugins\mcufinder//mcu/
2025-09-17 14:08:21,074 [WARN] DbFile:41 - Overriding database path with different value: C:\Users\rafae\.stmcufinder\plugins\mcufinder/ => C:\Users\rafae\.stmcufinder\plugins\mcufinder
2025-09-17 14:08:21,074 [INFO] DbMcusAds:125 - Set database path to: C:\Users\rafae\.stmcufinder\plugins\mcufinder//mcu/
2025-09-17 14:08:21,075 [WARN] DbFile:41 - Overriding database path with different value: C:\Users\rafae\.stmcufinder\plugins\mcufinder/ => C:\Users\rafae\.stmcufinder\plugins\mcufinder
2025-09-17 14:08:21,075 [WARN] DbFile:41 - Overriding database path with different value: C:\Users\rafae\.stmcufinder\plugins\mcufinder/ => C:\Users\rafae\.stmcufinder\plugins\mcufinder
2025-09-17 14:08:21,075 [INFO] CrossReferenceDbSqlite:203 - Set database path to: C:\Users\rafae\.stmcufinder\plugins\mcufinder//mcu/cs/
2025-09-17 14:08:21,134 [INFO] MainPanel:274 - HeapMemory: 268435456
2025-09-17 14:08:21,234 [INFO] DbMcusXml:78 - Set database path to: C:\ST\STM32CubeIDE_1.19.0\STM32CubeIDE\plugins\com.st.stm32cube.common.mx_6.15.0.202507011659\\db\/mcu/
2025-09-17 14:08:21,235 [INFO] ApiDb:274 - Set plugin database path to: C:\ST\STM32CubeIDE_1.19.0\STM32CubeIDE\plugins\com.st.stm32cube.common.mx_6.15.0.202507011659\\db\/plugins/boardmanager/
2025-09-17 14:08:21,235 [INFO] ApiDb:261 - Set plugin images path to: C:\ST\STM32CubeIDE_1.19.0\STM32CubeIDE\plugins\com.st.stm32cube.common.mx_6.15.0.202507011659\\db\/plugins/mcufinder/images/
2025-09-17 14:08:21,235 [WARN] DbFile:41 - Overriding database path with different value: C:\Users\rafae\.stmcufinder\plugins\mcufinder/ => C:\Users\rafae\.stmcufinder\plugins\mcufinder
2025-09-17 14:08:21,235 [INFO] ApiDb:250 - Set database path to: C:\Users\rafae\.stmcufinder\plugins\mcufinder//mcu/
2025-09-17 14:08:21,235 [WARN] DbFile:41 - Overriding database path with different value: C:\Users\rafae\.stmcufinder\plugins\mcufinder/ => C:\Users\rafae\.stmcufinder\plugins\mcufinder
2025-09-17 14:08:21,235 [INFO] DbMcusAds:125 - Set database path to: C:\Users\rafae\.stmcufinder\plugins\mcufinder//mcu/
2025-09-17 14:08:21,235 [WARN] DbFile:41 - Overriding database path with different value: C:\Users\rafae\.stmcufinder\plugins\mcufinder/ => C:\Users\rafae\.stmcufinder\plugins\mcufinder
2025-09-17 14:08:21,235 [WARN] DbFile:41 - Overriding database path with different value: C:\Users\rafae\.stmcufinder\plugins\mcufinder/ => C:\Users\rafae\.stmcufinder\plugins\mcufinder
2025-09-17 14:08:21,235 [INFO] CrossReferenceDbSqlite:203 - Set database path to: C:\Users\rafae\.stmcufinder\plugins\mcufinder//mcu/cs/
2025-09-17 14:08:21,252 [INFO] ApplicationProperties:184 - Using Application install path: C:\ST\STM32CubeIDE_1.19.0\STM32CubeIDE\plugins\com.st.stm32cube.common.mx_6.15.0.202507011659
2025-09-17 14:08:21,254 [INFO] PluginManage:196 - Search for loadable plugins [exclusion list=, ]
2025-09-17 14:08:21,255 [INFO] PluginManage:310 - Check plugin analytics
2025-09-17 14:08:21,409 [INFO] AnalyticsPlugin:253 - Accepted Software Licenses: 
2025-09-17 14:08:21,410 [INFO] AnalyticsPlugin:255 - Accepted CMSIS Pack Licenses: 
2025-09-17 14:08:21,410 [INFO] AnalyticsPlugin:257 - Accepted Firmware Licenses: FW.L4.1.18.0
2025-09-17 14:08:21,414 [INFO] PluginManage:359 - Loaded plugin analytics (category:tool,tabindex:-1)
2025-09-17 14:08:21,414 [INFO] PluginManage:310 - Check plugin cadmodel
2025-09-17 14:08:21,420 [INFO] CADModel:105 - Init CAD model plugin
2025-09-17 14:08:21,420 [INFO] PluginManage:359 - Loaded plugin cadmodel (category:power,tabindex:5)
2025-09-17 14:08:21,420 [INFO] PluginManage:310 - Check plugin clock
2025-09-17 14:08:21,428 [INFO] PluginManage:359 - Loaded plugin clock (category:base,tabindex:2)
2025-09-17 14:08:21,428 [INFO] PluginManage:310 - Check plugin ddr
2025-09-17 14:08:21,430 [INFO] PluginManage:359 - Loaded plugin ddr (category:tool,tabindex:6)
2025-09-17 14:08:21,431 [INFO] PluginManage:310 - Check plugin filemanager
2025-09-17 14:08:21,547 [INFO] PluginManage:359 - Loaded plugin filemanager (category:base,tabindex:10)
2025-09-17 14:08:21,547 [INFO] PluginManage:310 - Check plugin ipmanager
2025-09-17 14:08:21,552 [INFO] PluginManage:359 - Loaded plugin ipmanager (category:base,tabindex:5)
2025-09-17 14:08:21,552 [INFO] PluginManage:310 - Check plugin lpbam
2025-09-17 14:08:21,559 [INFO] PluginManage:359 - Loaded plugin lpbam (category:base,tabindex:0)
2025-09-17 14:08:21,559 [INFO] PluginManage:310 - Check plugin memorymap
2025-09-17 14:08:21,571 [INFO] PluginManage:359 - Loaded plugin memorymap (category:base,tabindex:4)
2025-09-17 14:08:21,571 [INFO] PluginManage:310 - Check plugin pinoutandconfiguration
2025-09-17 14:08:21,578 [INFO] PluginManage:359 - Loaded plugin pinoutandconfiguration (category:base,tabindex:1)
2025-09-17 14:08:21,578 [INFO] PluginManage:310 - Check plugin pinoutconfig
2025-09-17 14:08:21,644 [WARN] SupportedApi:132 - Cannot load RTOS API schema: s4s-elt-must-match.1: The content of 'definitions' must match (annotation?, (simpleType | complexType)?, (unique | key | keyref)*)). A problem was found starting at: attribute.
2025-09-17 14:08:21,746 [INFO] PluginManage:359 - Loaded plugin pinoutconfig (category:base,tabindex:0)
2025-09-17 14:08:21,746 [INFO] PluginManage:310 - Check plugin power
2025-09-17 14:08:21,753 [INFO] PluginManage:359 - Loaded plugin power (category:power,tabindex:4)
2025-09-17 14:08:21,753 [INFO] PluginManage:310 - Check plugin projectmanager
2025-09-17 14:08:21,768 [INFO] PluginManage:359 - Loaded plugin projectmanager (category:projectmanager,tabindex:4)
2025-09-17 14:08:21,768 [INFO] PluginManage:310 - Check plugin rif
2025-09-17 14:08:21,775 [INFO] PluginManage:359 - Loaded plugin rif (category:base,tabindex:3)
2025-09-17 14:08:21,775 [INFO] PluginManage:310 - Check plugin thirdparty
2025-09-17 14:08:21,886 [INFO] PluginManage:359 - Loaded plugin thirdparty (category:base,tabindex:-1)
2025-09-17 14:08:21,886 [WARN] IntegrityCheckThread:84 - waiting for thirdparty lock release [integrity check]
2025-09-17 14:08:21,886 [INFO] PluginManage:310 - Check plugin tools
2025-09-17 14:08:21,886 [INFO] IntegrityCheckThread:86 - entering critical section [integrity check]
2025-09-17 14:08:21,886 [INFO] ThirdPartyUpdaterWithRetryManager:70 - Updater plugin not ready yet. [1/15]
2025-09-17 14:08:21,888 [INFO] PluginManage:359 - Loaded plugin tools (category:base,tabindex:7)
2025-09-17 14:08:21,888 [INFO] PluginManage:310 - Check plugin tutovideos
2025-09-17 14:08:22,046 [INFO] PluginManage:359 - Loaded plugin tutovideos (category:base,tabindex:-1)
2025-09-17 14:08:22,047 [INFO] PluginManage:310 - Check plugin updater
2025-09-17 14:08:22,067 [INFO] PluginManage:359 - Loaded plugin updater (category:base,tabindex:12)
2025-09-17 14:08:22,067 [INFO] PluginManage:310 - Check plugin userauth
2025-09-17 14:08:22,070 [INFO] UserAuth:118 - Init User Auth plugin
2025-09-17 14:08:22,071 [INFO] PluginManage:359 - Loaded plugin userauth (category:base,tabindex:14)
2025-09-17 14:08:22,071 [INFO] PluginManage:283 - PluginManage : Loaded plugins [18]
2025-09-17 14:08:22,231 [INFO] PinOutPanel:1589 - setPackage(No Configuration,No Configuration)
2025-09-17 14:08:22,300 [INFO] CADModel:165 - CPN selected for project level
2025-09-17 14:08:22,300 [INFO] CADModel:114 - Register for checkConnection events
2025-09-17 14:08:22,316 [INFO] IPUIPlugin:80 - create IPUIPlugin
2025-09-17 14:08:22,316 [INFO] PluginManager:220 - loadIPPluginJar : add adc
2025-09-17 14:08:22,318 [INFO] IPUIPlugin:80 - create IPUIPlugin
2025-09-17 14:08:22,318 [INFO] PluginManager:220 - loadIPPluginJar : add aes
2025-09-17 14:08:22,321 [INFO] IPUIPlugin:80 - create IPUIPlugin
2025-09-17 14:08:22,321 [INFO] PluginManager:220 - loadIPPluginJar : add can
2025-09-17 14:08:22,323 [INFO] IPUIPlugin:80 - create IPUIPlugin
2025-09-17 14:08:22,323 [INFO] PluginManager:220 - loadIPPluginJar : add comp
2025-09-17 14:08:22,326 [INFO] IPUIPlugin:80 - create IPUIPlugin
2025-09-17 14:08:22,326 [INFO] PluginManager:220 - loadIPPluginJar : add cryp
2025-09-17 14:08:22,329 [INFO] IPUIPlugin:80 - create IPUIPlugin
2025-09-17 14:08:22,329 [INFO] PluginManager:220 - loadIPPluginJar : add ddr_ctrl_phy
2025-09-17 14:08:22,331 [INFO] IPUIPlugin:80 - create IPUIPlugin
2025-09-17 14:08:22,331 [INFO] PluginManager:220 - loadIPPluginJar : add dfsdm
2025-09-17 14:08:22,337 [INFO] IPUIPlugin:80 - create IPUIPlugin
2025-09-17 14:08:22,337 [INFO] PluginManager:220 - loadIPPluginJar : add dma
2025-09-17 14:08:22,339 [INFO] IPUIPlugin:80 - create IPUIPlugin
2025-09-17 14:08:22,339 [INFO] PluginManager:220 - loadIPPluginJar : add dma3
2025-09-17 14:08:22,341 [INFO] IPUIPlugin:80 - create IPUIPlugin
2025-09-17 14:08:22,342 [INFO] PluginManager:220 - loadIPPluginJar : add extmemmanager
2025-09-17 14:08:22,343 [INFO] IPUIPlugin:80 - create IPUIPlugin
2025-09-17 14:08:22,343 [INFO] PluginManager:220 - loadIPPluginJar : add fatfs
2025-09-17 14:08:22,346 [INFO] IPUIPlugin:80 - create IPUIPlugin
2025-09-17 14:08:22,347 [INFO] PluginManager:220 - loadIPPluginJar : add fmc
2025-09-17 14:08:22,353 [INFO] IPUIPlugin:80 - create IPUIPlugin
2025-09-17 14:08:22,354 [INFO] PluginManager:220 - loadIPPluginJar : add freertos
2025-09-17 14:08:22,355 [INFO] IPUIPlugin:80 - create IPUIPlugin
2025-09-17 14:08:22,355 [INFO] PluginManager:220 - loadIPPluginJar : add genericplugin
2025-09-17 14:08:22,357 [INFO] IPUIPlugin:80 - create IPUIPlugin
2025-09-17 14:08:22,357 [INFO] PluginManager:220 - loadIPPluginJar : add gfxmmu
2025-09-17 14:08:22,360 [INFO] IPUIPlugin:80 - create IPUIPlugin
2025-09-17 14:08:22,360 [INFO] PluginManager:220 - loadIPPluginJar : add gic
2025-09-17 14:08:22,363 [INFO] IPUIPlugin:80 - create IPUIPlugin
2025-09-17 14:08:22,363 [INFO] PluginManager:220 - loadIPPluginJar : add gpio
2025-09-17 14:08:22,365 [INFO] IPUIPlugin:80 - create IPUIPlugin
2025-09-17 14:08:22,365 [INFO] PluginManager:220 - loadIPPluginJar : add gtzc
2025-09-17 14:08:22,367 [INFO] IPUIPlugin:80 - create IPUIPlugin
2025-09-17 14:08:22,367 [INFO] PluginManager:220 - loadIPPluginJar : add hash
2025-09-17 14:08:22,369 [INFO] IPUIPlugin:80 - create IPUIPlugin
2025-09-17 14:08:22,369 [INFO] PluginManager:220 - loadIPPluginJar : add i2c
2025-09-17 14:08:22,371 [INFO] IPUIPlugin:80 - create IPUIPlugin
2025-09-17 14:08:22,371 [INFO] PluginManager:220 - loadIPPluginJar : add i2s
2025-09-17 14:08:22,373 [INFO] IPUIPlugin:80 - create IPUIPlugin
2025-09-17 14:08:22,373 [INFO] PluginManager:220 - loadIPPluginJar : add i3c
2025-09-17 14:08:22,376 [INFO] IPUIPlugin:80 - create IPUIPlugin
2025-09-17 14:08:22,377 [INFO] PluginManager:220 - loadIPPluginJar : add ipddr
2025-09-17 14:08:22,382 [INFO] IPUIPlugin:80 - create IPUIPlugin
2025-09-17 14:08:22,382 [INFO] PluginManager:220 - loadIPPluginJar : add linkedlist
2025-09-17 14:08:22,386 [INFO] IPUIPlugin:80 - create IPUIPlugin
2025-09-17 14:08:22,386 [INFO] PluginManager:220 - loadIPPluginJar : add lorawan
2025-09-17 14:08:22,387 [INFO] IPUIPlugin:80 - create IPUIPlugin
2025-09-17 14:08:22,388 [INFO] PluginManager:220 - loadIPPluginJar : add ltdc
2025-09-17 14:08:22,395 [INFO] IPUIPlugin:80 - create IPUIPlugin
2025-09-17 14:08:22,395 [INFO] PluginManager:220 - loadIPPluginJar : add mdma
2025-09-17 14:08:22,398 [INFO] IPUIPlugin:80 - create IPUIPlugin
2025-09-17 14:08:22,398 [INFO] PluginManager:220 - loadIPPluginJar : add nvic
2025-09-17 14:08:22,400 [INFO] IPUIPlugin:80 - create IPUIPlugin
2025-09-17 14:08:22,400 [INFO] PluginManager:220 - loadIPPluginJar : add opamp
2025-09-17 14:08:22,402 [INFO] IPUIPlugin:80 - create IPUIPlugin
2025-09-17 14:08:22,402 [INFO] PluginManager:220 - loadIPPluginJar : add openamp
2025-09-17 14:08:22,405 [INFO] IPUIPlugin:80 - create IPUIPlugin
2025-09-17 14:08:22,405 [INFO] PluginManager:220 - loadIPPluginJar : add pdm2pcm
2025-09-17 14:08:22,409 [INFO] IPUIPlugin:80 - create IPUIPlugin
2025-09-17 14:08:22,411 [INFO] PluginManager:220 - loadIPPluginJar : add plateformsettings
2025-09-17 14:08:22,412 [INFO] IPUIPlugin:80 - create IPUIPlugin
2025-09-17 14:08:22,412 [INFO] PluginManager:220 - loadIPPluginJar : add quadspi
2025-09-17 14:08:22,414 [INFO] IPUIPlugin:80 - create IPUIPlugin
2025-09-17 14:08:22,415 [INFO] PluginManager:220 - loadIPPluginJar : add radio
2025-09-17 14:08:22,418 [INFO] IPUIPlugin:80 - create IPUIPlugin
2025-09-17 14:08:22,418 [INFO] PluginManager:220 - loadIPPluginJar : add resmgrutility
2025-09-17 14:08:22,420 [INFO] IPUIPlugin:80 - create IPUIPlugin
2025-09-17 14:08:22,420 [INFO] PluginManager:220 - loadIPPluginJar : add sai
2025-09-17 14:08:22,423 [INFO] IPUIPlugin:80 - create IPUIPlugin
2025-09-17 14:08:22,423 [INFO] PluginManager:220 - loadIPPluginJar : add spi
2025-09-17 14:08:22,428 [INFO] IPUIPlugin:80 - create IPUIPlugin
2025-09-17 14:08:22,428 [INFO] PluginManager:220 - loadIPPluginJar : add stm32_wpan
2025-09-17 14:08:22,430 [INFO] IPUIPlugin:80 - create IPUIPlugin
2025-09-17 14:08:22,430 [INFO] PluginManager:220 - loadIPPluginJar : add tim
2025-09-17 14:08:22,432 [INFO] IPUIPlugin:80 - create IPUIPlugin
2025-09-17 14:08:22,433 [INFO] PluginManager:220 - loadIPPluginJar : add touchsensing
2025-09-17 14:08:22,434 [INFO] IPUIPlugin:80 - create IPUIPlugin
2025-09-17 14:08:22,435 [INFO] PluginManager:220 - loadIPPluginJar : add tracer_emb
2025-09-17 14:08:22,436 [INFO] IPUIPlugin:80 - create IPUIPlugin
2025-09-17 14:08:22,436 [INFO] PluginManager:220 - loadIPPluginJar : add ts
2025-09-17 14:08:22,438 [INFO] IPUIPlugin:80 - create IPUIPlugin
2025-09-17 14:08:22,438 [INFO] PluginManager:220 - loadIPPluginJar : add tsc
2025-09-17 14:08:22,441 [INFO] IPUIPlugin:80 - create IPUIPlugin
2025-09-17 14:08:22,441 [INFO] PluginManager:220 - loadIPPluginJar : add ucpd
2025-09-17 14:08:22,443 [INFO] IPUIPlugin:80 - create IPUIPlugin
2025-09-17 14:08:22,443 [INFO] PluginManager:220 - loadIPPluginJar : add usart
2025-09-17 14:08:22,445 [INFO] IPUIPlugin:80 - create IPUIPlugin
2025-09-17 14:08:22,446 [INFO] PluginManager:220 - loadIPPluginJar : add usbx
2025-09-17 14:08:22,549 [FATAL] Updater:351 - Updater called before beeing initialized
2025-09-17 14:08:22,580 [INFO] RulesReader:64 - Compatibility file has been processed (317 Rules)
2025-09-17 14:08:22,592 [INFO] RulesReader:64 - Compatibility file has been processed (317 Rules)
2025-09-17 14:08:22,603 [INFO] CADModel:165 - CPN selected for project level
2025-09-17 14:08:22,603 [INFO] CADModel:114 - Register for checkConnection events
2025-09-17 14:08:22,603 [FATAL] Updater:351 - Updater called before beeing initialized
2025-09-17 14:08:22,603 [ERROR] CADModel:125 - Updater not yet initialized, retry later 
2025-09-17 14:08:22,737 [FATAL] Updater:351 - Updater called before beeing initialized
2025-09-17 14:08:22,739 [INFO] CADModel:165 - CPN selected for project level
2025-09-17 14:08:22,739 [INFO] CADModel:114 - Register for checkConnection events
2025-09-17 14:08:22,739 [FATAL] Updater:351 - Updater called before beeing initialized
2025-09-17 14:08:22,739 [ERROR] CADModel:125 - Updater not yet initialized, retry later 
2025-09-17 14:08:22,741 [FATAL] Updater:351 - Updater called before beeing initialized
2025-09-17 14:08:22,823 [FATAL] Updater:351 - Updater called before beeing initialized
2025-09-17 14:08:22,825 [INFO] DbMcusAds:53 - JSON generation date=Tue Jul 08 04:14:23 EDT 2025 (1751962463582)
2025-09-17 14:08:22,826 [FATAL] Updater:351 - Updater called before beeing initialized
2025-09-17 14:08:22,854 [WARN] DetailPanel:346 - Failed to get advertising image, set to default
2025-09-17 14:08:22,953 [FATAL] Updater:351 - Updater called before beeing initialized
2025-09-17 14:08:22,955 [FATAL] Updater:351 - Updater called before beeing initialized
2025-09-17 14:08:22,955 [FATAL] Updater:351 - Updater called before beeing initialized
2025-09-17 14:08:22,955 [WARN] DetailPanel:346 - Failed to get advertising image, set to default
2025-09-17 14:08:22,956 [FATAL] Updater:351 - Updater called before beeing initialized
2025-09-17 14:08:22,994 [ERROR] Updater:1198 - MainUpdater not yet initialized. External WinMGr cannot be set.
2025-09-17 14:08:22,995 [INFO] Updater:1134 - Updater Version found : 6.15.0
2025-09-17 14:08:23,008 [INFO] ApplicationProperties:184 - Using Application install path: C:\ST\STM32CubeIDE_1.19.0\STM32CubeIDE\plugins\com.st.stm32cube.common.mx_6.15.0.202507011659
2025-09-17 14:08:24,580 [ERROR] LogOutputStream:75 - [STDERR_REDIRECT] Sep 17, 2025 2:08:24 PM java.util.prefs.WindowsPreferences <init>
2025-09-17 14:08:24,580 [ERROR] LogOutputStream:75 - [STDERR_REDIRECT] WARNING: Could not open/create prefs root node Software\JavaSoft\Prefs at root 0xffffffff80000002. Windows RegCreateKeyEx(...) returned error code 5.
2025-09-17 14:08:24,580 [ERROR] LogOutputStream:75 - [STDERR_REDIRECT] 
2025-09-17 14:08:24,825 [INFO] MainUpdater:2872 - connection check result : 10
2025-09-17 14:08:24,826 [INFO] MainUpdater:289 - Updater Check For Update Now.
2025-09-17 14:08:24,826 [INFO] MicroXplorer:498 - Change Database Version : DB.6.0.150
2025-09-17 14:08:24,833 [INFO] McuFinderGlobals:63 - Set McuFinder mode to 2 (CubeIDE integrated)
2025-09-17 14:08:24,833 [INFO] UserAuth:487 - Internet connection configuration mode: 1
2025-09-17 14:08:24,874 [INFO] JxBrowserEngine:152 - Initiate JxBrowser Engine with user profile folder
2025-09-17 14:08:24,887 [WARN] MainUpdater:1193 - Updater busy. Cannot search thirdparties
2025-09-17 14:08:24,887 [INFO] ThirdPartyUpdaterWithRetryManager:96 - Updater plugin is busy. [1/15]
2025-09-17 14:08:24,994 [INFO] CheckServerUpdateThread:120 - End of CheckServer Thread
2025-09-17 14:08:25,519 [INFO] WebApp:169 - Instantiating new browser for Auth
2025-09-17 14:08:26,153 [INFO] WebApp:463 - Apply proxy settings
2025-09-17 14:08:26,154 [INFO] WebApp:548 - Chromium requires no authentication
2025-09-17 14:08:26,186 [INFO] WebApp:491 - Direct internet connection detected
2025-09-17 14:08:26,211 [INFO] WebApp:900 - Register for checkConnection events
2025-09-17 14:08:26,211 [INFO] WebApp:463 - Apply proxy settings
2025-09-17 14:08:26,212 [INFO] WebApp:548 - Chromium requires no authentication
2025-09-17 14:08:26,212 [INFO] WebApp:491 - Direct internet connection detected
2025-09-17 14:08:26,414 [INFO] WebApp:225 - Starting web application
2025-09-17 14:08:26,415 [INFO] WebApp:593 - Web application path used C:\ST\STM32CubeIDE_1.19.0\STM32CubeIDE\plugins\com.st.stm32cube.common.mx_6.15.0.202507011659\db\plugins\mcufinder\reactClient1\index.html
2025-09-17 14:08:26,541 [INFO] UserAuth:487 - Internet connection configuration mode: 1
2025-09-17 14:08:26,643 [INFO] WebApp:191 - Connection restablished
2025-09-17 14:08:28,069 [WARN] PackLoader:240 - Cannot read IP mode file for STMicroelectronics.FP-SNS-MOTENVWB1.1.4.0
2025-09-17 14:08:28,077 [WARN] PackLoader:240 - Cannot read IP mode file for STMicroelectronics.FP-ATR-ASTRA1.2.0.2
2025-09-17 14:08:28,085 [WARN] PackLoader:240 - Cannot read IP mode file for STMicroelectronics.X-CUBE-SMBUS.2.1.0
2025-09-17 14:08:28,090 [WARN] PackLoader:240 - Cannot read IP mode file for STMicroelectronics.X-CUBE-ST60.1.0.0
2025-09-17 14:08:28,115 [WARN] PackLoader:240 - Cannot read IP mode file for STMicroelectronics.X-CUBE-AZRTOS-F7.1.1.0
2025-09-17 14:08:28,132 [WARN] PackLoader:240 - Cannot read IP mode file for WES.I-CUBE-Cesium.1.4.0
2025-09-17 14:08:28,157 [WARN] PackLoader:240 - Cannot read IP mode file for Infineon.AIROC-Wi-Fi-Bluetooth-STM32.1.7.1
2025-09-17 14:08:28,195 [WARN] PackLoader:240 - Cannot read IP mode file for STMicroelectronics.X-CUBE-AZRTOS-H7.3.4.0
2025-09-17 14:08:28,204 [WARN] PackLoader:240 - Cannot read IP mode file for STMicroelectronics.X-CUBE-DISPLAY.3.0.0
2025-09-17 14:08:28,217 [WARN] PackLoader:240 - Cannot read IP mode file for STMicroelectronics.X-CUBE-NFC10.1.0.0
2025-09-17 14:08:28,225 [WARN] PackLoader:240 - Cannot read IP mode file for emotas.I-CUBE-CANOPEN.1.3.0
2025-09-17 14:08:28,230 [WARN] PackLoader:240 - Cannot read IP mode file for STMicroelectronics.FP-SNS-STBOX1.2.1.0
2025-09-17 14:08:28,239 [WARN] PackLoader:240 - Cannot read IP mode file for STMicroelectronics.FP-SNS-SMARTAG2.1.2.0
2025-09-17 14:08:28,243 [WARN] PackLoader:240 - Cannot read IP mode file for STMicroelectronics.FP-SNS-FLIGHT1.5.1.0
2025-09-17 14:08:28,252 [INFO] LogOutputStream:77 - [STDOUT_REDIRECT] 1 : Invalid condition id : UX_CORESTACK_Condition cause : null
2025-09-17 14:08:28,254 [INFO] LogOutputStream:77 - [STDOUT_REDIRECT] 1 : Invalid condition id : UX_CORESTACK_Condition cause : null
2025-09-17 14:08:28,256 [INFO] LogOutputStream:77 - [STDOUT_REDIRECT] 1 : Invalid condition id : UX_CORESTACK_Condition cause : null
2025-09-17 14:08:28,259 [INFO] LogOutputStream:77 - [STDOUT_REDIRECT] 1 : Invalid condition id : UX_CORESTACK_Condition cause : null
2025-09-17 14:08:28,260 [INFO] LogOutputStream:77 - [STDOUT_REDIRECT] 1 : Invalid condition id : UX_CORESTACK_Condition cause : null
2025-09-17 14:08:28,268 [WARN] PackLoader:240 - Cannot read IP mode file for STMicroelectronics.X-CUBE-AZRTOS-WL.2.0.0
2025-09-17 14:08:28,274 [WARN] PackLoader:240 - Cannot read IP mode file for STMicroelectronics.FP-SNS-MOTENV1.5.0.0
2025-09-17 14:08:28,281 [WARN] PackLoader:240 - Cannot read IP mode file for STMicroelectronics.X-CUBE-BLE2.3.3.0
2025-09-17 14:08:28,287 [WARN] PackLoader:240 - Cannot read IP mode file for STMicroelectronics.X-CUBE-NFC9.1.0.0
2025-09-17 14:08:28,294 [WARN] PackLoader:240 - Cannot read IP mode file for wolfSSL.I-CUBE-wolfSSL.5.8.2
2025-09-17 14:08:28,299 [WARN] PackLoader:240 - Cannot read IP mode file for STMicroelectronics.X-CUBE-BLE1.7.1.0
2025-09-17 14:08:28,304 [WARN] PackLoader:240 - Cannot read IP mode file for wolfSSL.I-CUBE-wolfMQTT.1.19.2
2025-09-17 14:08:28,310 [WARN] PackLoader:240 - Cannot read IP mode file for STMicroelectronics.X-CUBE-EEPRMA1.5.2.0
2025-09-17 14:08:28,326 [WARN] PackLoader:240 - Cannot read IP mode file for STMicroelectronics.X-CUBE-AZRTOS-G0.1.1.0
2025-09-17 14:08:28,333 [WARN] PackLoader:240 - Cannot read IP mode file for STMicroelectronics.X-CUBE-SAFEA1.1.2.2
2025-09-17 14:08:28,339 [WARN] PackLoader:240 - Cannot read IP mode file for STMicroelectronics.X-CUBE-NFC4.3.0.0
2025-09-17 14:08:28,348 [WARN] PackLoader:240 - Cannot read IP mode file for EmbeddedOffice.I-CUBE-FS-RTOS.1.0.1
2025-09-17 14:08:28,353 [WARN] PackLoader:240 - Cannot read IP mode file for STMicroelectronics.X-CUBE-WB05N.2.0.0
2025-09-17 14:08:28,357 [WARN] PackLoader:240 - Cannot read IP mode file for wolfSSL.I-CUBE-wolfTPM.3.8.0
2025-09-17 14:08:28,361 [WARN] PackLoader:240 - Cannot read IP mode file for STMicroelectronics.X-CUBE-TCPP.4.2.0
2025-09-17 14:08:28,365 [WARN] PackLoader:240 - Cannot read IP mode file for RealThread.X-CUBE-RT-Thread_Nano.4.1.1
2025-09-17 14:08:28,368 [WARN] PackLoader:240 - Cannot read IP mode file for STMicroelectronics.FP-ATR-SIGFOX1.3.2.0
2025-09-17 14:08:28,373 [WARN] PackLoader:240 - Cannot read IP mode file for ITTIA_DB.I-CUBE-ITTIADB.8.9.0
2025-09-17 14:08:28,380 [WARN] PackLoader:240 - Cannot read IP mode file for STMicroelectronics.X-CUBE-ST67W61.1.0.0
2025-09-17 14:08:28,383 [WARN] PackLoader:240 - Cannot read IP mode file for STMicroelectronics.X-CUBE-AI.10.2.0
2025-09-17 14:08:28,398 [WARN] PackLoader:240 - Cannot read IP mode file for SEGGER.I-CUBE-embOS.1.3.1
2025-09-17 14:08:28,429 [WARN] PackLoader:240 - Cannot read IP mode file for STMicroelectronics.X-CUBE-ALGOBUILD.1.4.0
2025-09-17 14:08:28,498 [WARN] PackLoader:240 - Cannot read IP mode file for STMicroelectronics.X-CUBE-MEMS1.11.3.0
2025-09-17 14:08:28,588 [WARN] PackLoader:240 - Cannot read IP mode file for STMicroelectronics.X-CUBE-PM33A1.1.0.0
2025-09-17 14:08:28,597 [WARN] PackLoader:240 - Cannot read IP mode file for STMicroelectronics.X-CUBE-AZRTOS-F4.1.1.0
2025-09-17 14:08:28,604 [WARN] PackLoader:240 - Cannot read IP mode file for Avnet-IotConnect.X-CUBE-IoTC-DA16k-PMOD.1.0.0
2025-09-17 14:08:28,608 [WARN] PackLoader:240 - Cannot read IP mode file for STMicroelectronics.X-CUBE-ISPU.2.1.0
2025-09-17 14:08:28,613 [WARN] PackLoader:240 - Cannot read IP mode file for STMicroelectronics.X-CUBE-NFC12.1.0.0
2025-09-17 14:08:28,623 [WARN] PackLoader:240 - Cannot read IP mode file for STMicroelectronics.X-CUBE-AZRTOS-L5.2.0.0
2025-09-17 14:08:28,629 [WARN] PackLoader:240 - Cannot read IP mode file for STMicroelectronics.X-CUBE-NFC6.3.1.0
2025-09-17 14:08:28,635 [WARN] PackLoader:240 - Cannot read IP mode file for STMicroelectronics.X-CUBE-FREERTOS.1.3.1
2025-09-17 14:08:28,639 [WARN] PackLoader:240 - Cannot read IP mode file for STMicroelectronics.FP-SNS-STAIOTCFT.1.0.0
2025-09-17 14:08:28,643 [WARN] PackLoader:240 - Cannot read IP mode file for STMicroelectronics.X-CUBE-DPower.1.3.0
2025-09-17 14:08:28,651 [WARN] ConditionMgr:438 - getConditionDescription Invalid condition id : LAN8742 Phy interface Condition cause : null
2025-09-17 14:08:28,652 [WARN] PackLoader:240 - Cannot read IP mode file for STMicroelectronics.X-CUBE-AZRTOS-L4.2.0.0
2025-09-17 14:08:28,653 [WARN] ConditionMgr:1044 - genDependencies : Invalid condition id : LAN8742 Phy interface Condition cause : null
2025-09-17 14:08:28,653 [WARN] ConditionMgr:1044 - genDependencies : Invalid condition id : LAN8742 Phy interface Condition cause : null
2025-09-17 14:08:28,654 [WARN] ConditionMgr:1044 - genDependencies : Invalid condition id : LAN8742 Phy interface Condition cause : null
2025-09-17 14:08:28,658 [WARN] PackLoader:240 - Cannot read IP mode file for STMicroelectronics.X-CUBE-SFXS2LP1.4.0.0
2025-09-17 14:08:28,665 [WARN] PackLoader:240 - Cannot read IP mode file for STMicroelectronics.X-CUBE-BLEMGR.4.1.0
2025-09-17 14:08:28,674 [WARN] ConditionMgr:438 - getConditionDescription Invalid condition id : UX DEVICE CLASS RTOS Condition cause : null
2025-09-17 14:08:28,674 [WARN] ConditionMgr:438 - getConditionDescription Invalid condition id : UX DEVICE CLASS RTOS Condition cause : null
2025-09-17 14:08:28,675 [WARN] PackLoader:240 - Cannot read IP mode file for STMicroelectronics.X-CUBE-AZRTOS-WB.2.0.0
2025-09-17 14:08:28,675 [WARN] ConditionMgr:1044 - genDependencies : Invalid condition id : UX DEVICE CLASS RTOS Condition cause : null
2025-09-17 14:08:28,675 [WARN] ConditionMgr:1044 - genDependencies : Invalid condition id : UX DEVICE CLASS RTOS Condition cause : null
2025-09-17 14:08:28,676 [WARN] ConditionMgr:1044 - genDependencies : Invalid condition id : UX DEVICE CLASS RTOS Condition cause : null
2025-09-17 14:08:28,676 [WARN] ConditionMgr:1044 - genDependencies : Invalid condition id : UX DEVICE CLASS RTOS Condition cause : null
2025-09-17 14:08:28,676 [WARN] ConditionMgr:1044 - genDependencies : Invalid condition id : UX DEVICE CLASS RTOS Condition cause : null
2025-09-17 14:08:28,679 [WARN] PackLoader:240 - Cannot read IP mode file for STMicroelectronics.X-CUBE-GNSS1.7.0.1
2025-09-17 14:08:28,685 [WARN] PackLoader:240 - Cannot read IP mode file for STMicroelectronics.X-CUBE-TOUCHGFX.4.25.0
2025-09-17 14:08:28,688 [WARN] ConditionMgr:438 - getConditionDescription Invalid condition id : Cortex-A Device cause : null
2025-09-17 14:08:28,701 [WARN] ConditionMgr:1044 - genDependencies : Invalid condition id : Cortex-A Device cause : null
2025-09-17 14:08:28,701 [WARN] ConditionMgr:1044 - genDependencies : Invalid condition id : Cortex-A Device cause : null
2025-09-17 14:08:28,701 [WARN] ConditionMgr:1044 - genDependencies : Invalid condition id : Cortex-A Device cause : null
2025-09-17 14:08:28,708 [WARN] PackLoader:240 - Cannot read IP mode file for STMicroelectronics.X-CUBE-SUBG2.5.0.0
2025-09-17 14:08:28,728 [WARN] PackLoader:240 - Cannot read IP mode file for STMicroelectronics.X-CUBE-AZRTOS-H7RS.1.1.0
2025-09-17 14:08:28,732 [WARN] PackLoader:240 - Cannot read IP mode file for Cesanta.I-CUBE-Mongoose.7.13.0
2025-09-17 14:08:28,743 [WARN] PackLoader:240 - Cannot read IP mode file for STMicroelectronics.X-CUBE-AZRTOS-G4.2.0.0
2025-09-17 14:08:28,747 [WARN] PackLoader:240 - Cannot read IP mode file for wolfSSL.I-CUBE-wolfSSH.1.4.20
2025-09-17 14:08:28,750 [WARN] PackLoader:240 - Cannot read IP mode file for STMicroelectronics.X-CUBE-NFC7.2.0.0
2025-09-17 14:08:28,759 [WARN] PackLoader:240 - Cannot read IP mode file for STMicroelectronics.X-CUBE-IPS.3.1.0
2025-09-17 14:08:28,768 [WARN] PackLoader:240 - Cannot read IP mode file for STMicroelectronics.X-CUBE-ALS.1.0.2
2025-09-17 14:08:28,775 [WARN] PackLoader:240 - Cannot read IP mode file for STMicroelectronics.X-CUBE-STSE01.1.0.0
2025-09-17 14:08:28,782 [WARN] PackLoader:240 - Cannot read IP mode file for STMicroelectronics.X-CUBE-TOF1.3.4.3
2025-09-17 14:08:28,790 [INFO] ThirdParty:978 - Integrity check success = true
2025-09-17 14:08:28,790 [INFO] IntegrityCheckThread:100 - exiting critical section [integrity check]
2025-09-17 14:08:28,790 [INFO] IntegrityCheckThread:103 - End integrity checks thread
2025-09-17 14:13:14,815 [INFO] WebApp:194 - Connection lost
2025-09-17 14:13:14,938 [INFO] WebApp:191 - Connection restablished
2025-09-17 16:27:52,328 [ERROR] LogOutputStream:75 - [STDERR_REDIRECT] Exception in thread "SWV client thread" java.lang.NullPointerException: Cannot invoke "com.st.stm32cube.ide.mcu.debug.swv.core.SWVPlugin.isDebugging()" because "com.st.stm32cube.ide.mcu.debug.swv.core.SWVPlugin.plugin" is null
2025-09-17 16:27:52,331 [ERROR] LogOutputStream:75 - [STDERR_REDIRECT] 	at com.st.stm32cube.ide.mcu.debug.swv.core.SWVPlugin.debugTrace(SWVPlugin.java:85)
2025-09-17 16:27:52,334 [ERROR] LogOutputStream:75 - [STDERR_REDIRECT] 	at com.st.stm32cube.ide.mcu.debug.swv.core.SWVClient.TRACE(SWVClient.java:768)
2025-09-17 16:27:52,336 [ERROR] LogOutputStream:75 - [STDERR_REDIRECT] 	at com.st.stm32cube.ide.mcu.debug.swv.core.SWVClient.readByte(SWVClient.java:296)
2025-09-17 16:27:52,337 [ERROR] LogOutputStream:75 - [STDERR_REDIRECT] 	at com.st.stm32cube.ide.mcu.debug.swv.core.SWVClient.getNextByte(SWVClient.java:277)
2025-09-17 16:27:52,339 [ERROR] LogOutputStream:75 - [STDERR_REDIRECT] 	at com.st.stm32cube.ide.mcu.debug.swv.core.SWVClient.run(SWVClient.java:313)
2025-09-17 16:27:53,021 [ERROR] LogOutputStream:75 - [STDERR_REDIRECT] 
2025-09-17 16:27:53,023 [ERROR] LogOutputStream:75 - [STDERR_REDIRECT] 
