2025-10-02 13:06:54,473 [INFO] Activator:176 - 


2025-10-02 13:06:54,473 [INFO] Activator:177 - !SESSION log4j initialized
2025-10-02 13:06:58,716 [INFO] LogOutputStream:77 - [STDOUT_REDIRECT] 
2025-10-02 13:06:59,845 [INFO] ApplicationProperties:184 - Using Application install path: C:\ST\STM32CubeIDE_1.19.0\STM32CubeIDE\plugins\com.st.stm32cube.common.mx_6.15.0.202507011659
2025-10-02 13:06:59,863 [INFO] DbMcusXml:78 - Set database path to: C:\ST\STM32CubeIDE_1.19.0\STM32CubeIDE\plugins\com.st.stm32cube.common.mx_6.15.0.202507011659\\db\/mcu/
2025-10-02 13:06:59,864 [INFO] ApiDb:274 - Set plugin database path to: C:\ST\STM32CubeIDE_1.19.0\STM32CubeIDE\plugins\com.st.stm32cube.common.mx_6.15.0.202507011659\\db\/plugins/boardmanager/
2025-10-02 13:06:59,864 [WARN] ApiDb:259 - Overriding images path with different value:  => C:\ST\STM32CubeIDE_1.19.0\STM32CubeIDE\plugins\com.st.stm32cube.common.mx_6.15.0.202507011659\\db\/plugins/mcufinder/images/
2025-10-02 13:06:59,869 [INFO] ApiDb:250 - Set database path to: C:\Users\rafae\.stmcufinder\plugins\mcufinder//mcu/
2025-10-02 13:06:59,869 [INFO] DbMcusAds:125 - Set database path to: C:\Users\rafae\.stmcufinder\plugins\mcufinder//mcu/
2025-10-02 13:06:59,873 [INFO] CrossReferenceDbSqlite:203 - Set database path to: C:\Users\rafae\.stmcufinder\plugins\mcufinder//mcu/cs/
2025-10-02 13:06:59,964 [INFO] RulesReader:64 - Compatibility file has been processed (317 Rules)
2025-10-02 13:07:00,037 [INFO] DbMcusXml:78 - Set database path to: C:\ST\STM32CubeIDE_1.19.0\STM32CubeIDE\plugins\com.st.stm32cube.common.mx_6.15.0.202507011659\\db\/mcu/
2025-10-02 13:07:00,037 [INFO] ApiDb:274 - Set plugin database path to: C:\ST\STM32CubeIDE_1.19.0\STM32CubeIDE\plugins\com.st.stm32cube.common.mx_6.15.0.202507011659\\db\/plugins/boardmanager/
2025-10-02 13:07:00,037 [INFO] ApiDb:261 - Set plugin images path to: C:\ST\STM32CubeIDE_1.19.0\STM32CubeIDE\plugins\com.st.stm32cube.common.mx_6.15.0.202507011659\\db\/plugins/mcufinder/images/
2025-10-02 13:07:00,037 [WARN] DbFile:41 - Overriding database path with different value: C:\Users\rafae\.stmcufinder\plugins\mcufinder/ => C:\Users\rafae\.stmcufinder\plugins\mcufinder
2025-10-02 13:07:00,037 [INFO] ApiDb:250 - Set database path to: C:\Users\rafae\.stmcufinder\plugins\mcufinder//mcu/
2025-10-02 13:07:00,037 [WARN] DbFile:41 - Overriding database path with different value: C:\Users\rafae\.stmcufinder\plugins\mcufinder/ => C:\Users\rafae\.stmcufinder\plugins\mcufinder
2025-10-02 13:07:00,037 [INFO] DbMcusAds:125 - Set database path to: C:\Users\rafae\.stmcufinder\plugins\mcufinder//mcu/
2025-10-02 13:07:00,038 [WARN] DbFile:41 - Overriding database path with different value: C:\Users\rafae\.stmcufinder\plugins\mcufinder/ => C:\Users\rafae\.stmcufinder\plugins\mcufinder
2025-10-02 13:07:00,038 [WARN] DbFile:41 - Overriding database path with different value: C:\Users\rafae\.stmcufinder\plugins\mcufinder/ => C:\Users\rafae\.stmcufinder\plugins\mcufinder
2025-10-02 13:07:00,038 [INFO] CrossReferenceDbSqlite:203 - Set database path to: C:\Users\rafae\.stmcufinder\plugins\mcufinder//mcu/cs/
2025-10-02 13:07:00,096 [INFO] MainPanel:274 - HeapMemory: 268435456
2025-10-02 13:07:00,182 [INFO] DbMcusXml:78 - Set database path to: C:\ST\STM32CubeIDE_1.19.0\STM32CubeIDE\plugins\com.st.stm32cube.common.mx_6.15.0.202507011659\\db\/mcu/
2025-10-02 13:07:00,183 [INFO] ApiDb:274 - Set plugin database path to: C:\ST\STM32CubeIDE_1.19.0\STM32CubeIDE\plugins\com.st.stm32cube.common.mx_6.15.0.202507011659\\db\/plugins/boardmanager/
2025-10-02 13:07:00,183 [INFO] ApiDb:261 - Set plugin images path to: C:\ST\STM32CubeIDE_1.19.0\STM32CubeIDE\plugins\com.st.stm32cube.common.mx_6.15.0.202507011659\\db\/plugins/mcufinder/images/
2025-10-02 13:07:00,183 [WARN] DbFile:41 - Overriding database path with different value: C:\Users\rafae\.stmcufinder\plugins\mcufinder/ => C:\Users\rafae\.stmcufinder\plugins\mcufinder
2025-10-02 13:07:00,183 [INFO] ApiDb:250 - Set database path to: C:\Users\rafae\.stmcufinder\plugins\mcufinder//mcu/
2025-10-02 13:07:00,183 [WARN] DbFile:41 - Overriding database path with different value: C:\Users\rafae\.stmcufinder\plugins\mcufinder/ => C:\Users\rafae\.stmcufinder\plugins\mcufinder
2025-10-02 13:07:00,183 [INFO] DbMcusAds:125 - Set database path to: C:\Users\rafae\.stmcufinder\plugins\mcufinder//mcu/
2025-10-02 13:07:00,183 [WARN] DbFile:41 - Overriding database path with different value: C:\Users\rafae\.stmcufinder\plugins\mcufinder/ => C:\Users\rafae\.stmcufinder\plugins\mcufinder
2025-10-02 13:07:00,183 [WARN] DbFile:41 - Overriding database path with different value: C:\Users\rafae\.stmcufinder\plugins\mcufinder/ => C:\Users\rafae\.stmcufinder\plugins\mcufinder
2025-10-02 13:07:00,183 [INFO] CrossReferenceDbSqlite:203 - Set database path to: C:\Users\rafae\.stmcufinder\plugins\mcufinder//mcu/cs/
2025-10-02 13:07:00,197 [INFO] ApplicationProperties:184 - Using Application install path: C:\ST\STM32CubeIDE_1.19.0\STM32CubeIDE\plugins\com.st.stm32cube.common.mx_6.15.0.202507011659
2025-10-02 13:07:00,198 [INFO] PluginManage:196 - Search for loadable plugins [exclusion list=, ]
2025-10-02 13:07:00,199 [INFO] PluginManage:310 - Check plugin analytics
2025-10-02 13:07:00,373 [INFO] AnalyticsPlugin:253 - Accepted Software Licenses: 
2025-10-02 13:07:00,373 [INFO] AnalyticsPlugin:255 - Accepted CMSIS Pack Licenses: 
2025-10-02 13:07:00,374 [INFO] AnalyticsPlugin:257 - Accepted Firmware Licenses: FW.L4.1.18.0
2025-10-02 13:07:00,377 [INFO] PluginManage:359 - Loaded plugin analytics (category:tool,tabindex:-1)
2025-10-02 13:07:00,378 [INFO] PluginManage:310 - Check plugin cadmodel
2025-10-02 13:07:00,383 [INFO] CADModel:105 - Init CAD model plugin
2025-10-02 13:07:00,383 [INFO] PluginManage:359 - Loaded plugin cadmodel (category:power,tabindex:5)
2025-10-02 13:07:00,383 [INFO] PluginManage:310 - Check plugin clock
2025-10-02 13:07:00,391 [INFO] PluginManage:359 - Loaded plugin clock (category:base,tabindex:2)
2025-10-02 13:07:00,391 [INFO] PluginManage:310 - Check plugin ddr
2025-10-02 13:07:00,393 [INFO] PluginManage:359 - Loaded plugin ddr (category:tool,tabindex:6)
2025-10-02 13:07:00,393 [INFO] PluginManage:310 - Check plugin filemanager
2025-10-02 13:07:00,514 [INFO] PluginManage:359 - Loaded plugin filemanager (category:base,tabindex:10)
2025-10-02 13:07:00,514 [INFO] PluginManage:310 - Check plugin ipmanager
2025-10-02 13:07:00,521 [INFO] PluginManage:359 - Loaded plugin ipmanager (category:base,tabindex:5)
2025-10-02 13:07:00,521 [INFO] PluginManage:310 - Check plugin lpbam
2025-10-02 13:07:00,528 [INFO] PluginManage:359 - Loaded plugin lpbam (category:base,tabindex:0)
2025-10-02 13:07:00,528 [INFO] PluginManage:310 - Check plugin memorymap
2025-10-02 13:07:00,542 [INFO] PluginManage:359 - Loaded plugin memorymap (category:base,tabindex:4)
2025-10-02 13:07:00,542 [INFO] PluginManage:310 - Check plugin pinoutandconfiguration
2025-10-02 13:07:00,549 [INFO] PluginManage:359 - Loaded plugin pinoutandconfiguration (category:base,tabindex:1)
2025-10-02 13:07:00,549 [INFO] PluginManage:310 - Check plugin pinoutconfig
2025-10-02 13:07:00,619 [WARN] SupportedApi:132 - Cannot load RTOS API schema: s4s-elt-must-match.1: The content of 'definitions' must match (annotation?, (simpleType | complexType)?, (unique | key | keyref)*)). A problem was found starting at: attribute.
2025-10-02 13:07:00,727 [INFO] PluginManage:359 - Loaded plugin pinoutconfig (category:base,tabindex:0)
2025-10-02 13:07:00,727 [INFO] PluginManage:310 - Check plugin power
2025-10-02 13:07:00,734 [INFO] PluginManage:359 - Loaded plugin power (category:power,tabindex:4)
2025-10-02 13:07:00,734 [INFO] PluginManage:310 - Check plugin projectmanager
2025-10-02 13:07:00,745 [INFO] PluginManage:359 - Loaded plugin projectmanager (category:projectmanager,tabindex:4)
2025-10-02 13:07:00,745 [INFO] PluginManage:310 - Check plugin rif
2025-10-02 13:07:00,752 [INFO] PluginManage:359 - Loaded plugin rif (category:base,tabindex:3)
2025-10-02 13:07:00,752 [INFO] PluginManage:310 - Check plugin thirdparty
2025-10-02 13:07:00,857 [INFO] PluginManage:359 - Loaded plugin thirdparty (category:base,tabindex:-1)
2025-10-02 13:07:00,857 [WARN] IntegrityCheckThread:84 - waiting for thirdparty lock release [integrity check]
2025-10-02 13:07:00,857 [INFO] PluginManage:310 - Check plugin tools
2025-10-02 13:07:00,857 [INFO] IntegrityCheckThread:86 - entering critical section [integrity check]
2025-10-02 13:07:00,858 [INFO] ThirdPartyUpdaterWithRetryManager:70 - Updater plugin not ready yet. [1/15]
2025-10-02 13:07:00,860 [INFO] PluginManage:359 - Loaded plugin tools (category:base,tabindex:7)
2025-10-02 13:07:00,860 [INFO] PluginManage:310 - Check plugin tutovideos
2025-10-02 13:07:01,030 [INFO] PluginManage:359 - Loaded plugin tutovideos (category:base,tabindex:-1)
2025-10-02 13:07:01,030 [INFO] PluginManage:310 - Check plugin updater
2025-10-02 13:07:01,049 [INFO] PluginManage:359 - Loaded plugin updater (category:base,tabindex:12)
2025-10-02 13:07:01,049 [INFO] PluginManage:310 - Check plugin userauth
2025-10-02 13:07:01,053 [INFO] UserAuth:118 - Init User Auth plugin
2025-10-02 13:07:01,053 [INFO] PluginManage:359 - Loaded plugin userauth (category:base,tabindex:14)
2025-10-02 13:07:01,053 [INFO] PluginManage:283 - PluginManage : Loaded plugins [18]
2025-10-02 13:07:01,213 [INFO] PinOutPanel:1589 - setPackage(No Configuration,No Configuration)
2025-10-02 13:07:01,280 [INFO] CADModel:165 - CPN selected for project level
2025-10-02 13:07:01,281 [INFO] CADModel:114 - Register for checkConnection events
2025-10-02 13:07:01,299 [INFO] IPUIPlugin:80 - create IPUIPlugin
2025-10-02 13:07:01,300 [INFO] PluginManager:220 - loadIPPluginJar : add adc
2025-10-02 13:07:01,302 [INFO] IPUIPlugin:80 - create IPUIPlugin
2025-10-02 13:07:01,302 [INFO] PluginManager:220 - loadIPPluginJar : add aes
2025-10-02 13:07:01,304 [INFO] IPUIPlugin:80 - create IPUIPlugin
2025-10-02 13:07:01,304 [INFO] PluginManager:220 - loadIPPluginJar : add can
2025-10-02 13:07:01,306 [INFO] IPUIPlugin:80 - create IPUIPlugin
2025-10-02 13:07:01,306 [INFO] PluginManager:220 - loadIPPluginJar : add comp
2025-10-02 13:07:01,310 [INFO] IPUIPlugin:80 - create IPUIPlugin
2025-10-02 13:07:01,310 [INFO] PluginManager:220 - loadIPPluginJar : add cryp
2025-10-02 13:07:01,314 [INFO] IPUIPlugin:80 - create IPUIPlugin
2025-10-02 13:07:01,314 [INFO] PluginManager:220 - loadIPPluginJar : add ddr_ctrl_phy
2025-10-02 13:07:01,316 [INFO] IPUIPlugin:80 - create IPUIPlugin
2025-10-02 13:07:01,318 [INFO] PluginManager:220 - loadIPPluginJar : add dfsdm
2025-10-02 13:07:01,322 [INFO] IPUIPlugin:80 - create IPUIPlugin
2025-10-02 13:07:01,323 [INFO] PluginManager:220 - loadIPPluginJar : add dma
2025-10-02 13:07:01,327 [INFO] IPUIPlugin:80 - create IPUIPlugin
2025-10-02 13:07:01,327 [INFO] PluginManager:220 - loadIPPluginJar : add dma3
2025-10-02 13:07:01,329 [INFO] IPUIPlugin:80 - create IPUIPlugin
2025-10-02 13:07:01,329 [INFO] PluginManager:220 - loadIPPluginJar : add extmemmanager
2025-10-02 13:07:01,331 [INFO] IPUIPlugin:80 - create IPUIPlugin
2025-10-02 13:07:01,331 [INFO] PluginManager:220 - loadIPPluginJar : add fatfs
2025-10-02 13:07:01,334 [INFO] IPUIPlugin:80 - create IPUIPlugin
2025-10-02 13:07:01,334 [INFO] PluginManager:220 - loadIPPluginJar : add fmc
2025-10-02 13:07:01,344 [INFO] IPUIPlugin:80 - create IPUIPlugin
2025-10-02 13:07:01,345 [INFO] PluginManager:220 - loadIPPluginJar : add freertos
2025-10-02 13:07:01,346 [INFO] IPUIPlugin:80 - create IPUIPlugin
2025-10-02 13:07:01,346 [INFO] PluginManager:220 - loadIPPluginJar : add genericplugin
2025-10-02 13:07:01,348 [INFO] IPUIPlugin:80 - create IPUIPlugin
2025-10-02 13:07:01,348 [INFO] PluginManager:220 - loadIPPluginJar : add gfxmmu
2025-10-02 13:07:01,352 [INFO] IPUIPlugin:80 - create IPUIPlugin
2025-10-02 13:07:01,352 [INFO] PluginManager:220 - loadIPPluginJar : add gic
2025-10-02 13:07:01,356 [INFO] IPUIPlugin:80 - create IPUIPlugin
2025-10-02 13:07:01,356 [INFO] PluginManager:220 - loadIPPluginJar : add gpio
2025-10-02 13:07:01,359 [INFO] IPUIPlugin:80 - create IPUIPlugin
2025-10-02 13:07:01,359 [INFO] PluginManager:220 - loadIPPluginJar : add gtzc
2025-10-02 13:07:01,361 [INFO] IPUIPlugin:80 - create IPUIPlugin
2025-10-02 13:07:01,361 [INFO] PluginManager:220 - loadIPPluginJar : add hash
2025-10-02 13:07:01,363 [INFO] IPUIPlugin:80 - create IPUIPlugin
2025-10-02 13:07:01,364 [INFO] PluginManager:220 - loadIPPluginJar : add i2c
2025-10-02 13:07:01,365 [INFO] IPUIPlugin:80 - create IPUIPlugin
2025-10-02 13:07:01,366 [INFO] PluginManager:220 - loadIPPluginJar : add i2s
2025-10-02 13:07:01,368 [INFO] IPUIPlugin:80 - create IPUIPlugin
2025-10-02 13:07:01,368 [INFO] PluginManager:220 - loadIPPluginJar : add i3c
2025-10-02 13:07:01,371 [INFO] IPUIPlugin:80 - create IPUIPlugin
2025-10-02 13:07:01,371 [INFO] PluginManager:220 - loadIPPluginJar : add ipddr
2025-10-02 13:07:01,378 [INFO] IPUIPlugin:80 - create IPUIPlugin
2025-10-02 13:07:01,378 [INFO] PluginManager:220 - loadIPPluginJar : add linkedlist
2025-10-02 13:07:01,382 [INFO] IPUIPlugin:80 - create IPUIPlugin
2025-10-02 13:07:01,383 [INFO] PluginManager:220 - loadIPPluginJar : add lorawan
2025-10-02 13:07:01,384 [INFO] IPUIPlugin:80 - create IPUIPlugin
2025-10-02 13:07:01,384 [INFO] PluginManager:220 - loadIPPluginJar : add ltdc
2025-10-02 13:07:01,391 [INFO] IPUIPlugin:80 - create IPUIPlugin
2025-10-02 13:07:01,392 [INFO] PluginManager:220 - loadIPPluginJar : add mdma
2025-10-02 13:07:01,395 [INFO] IPUIPlugin:80 - create IPUIPlugin
2025-10-02 13:07:01,395 [INFO] PluginManager:220 - loadIPPluginJar : add nvic
2025-10-02 13:07:01,397 [INFO] IPUIPlugin:80 - create IPUIPlugin
2025-10-02 13:07:01,398 [INFO] PluginManager:220 - loadIPPluginJar : add opamp
2025-10-02 13:07:01,400 [INFO] IPUIPlugin:80 - create IPUIPlugin
2025-10-02 13:07:01,400 [INFO] PluginManager:220 - loadIPPluginJar : add openamp
2025-10-02 13:07:01,403 [INFO] IPUIPlugin:80 - create IPUIPlugin
2025-10-02 13:07:01,403 [INFO] PluginManager:220 - loadIPPluginJar : add pdm2pcm
2025-10-02 13:07:01,408 [INFO] IPUIPlugin:80 - create IPUIPlugin
2025-10-02 13:07:01,411 [INFO] PluginManager:220 - loadIPPluginJar : add plateformsettings
2025-10-02 13:07:01,412 [INFO] IPUIPlugin:80 - create IPUIPlugin
2025-10-02 13:07:01,412 [INFO] PluginManager:220 - loadIPPluginJar : add quadspi
2025-10-02 13:07:01,414 [INFO] IPUIPlugin:80 - create IPUIPlugin
2025-10-02 13:07:01,415 [INFO] PluginManager:220 - loadIPPluginJar : add radio
2025-10-02 13:07:01,418 [INFO] IPUIPlugin:80 - create IPUIPlugin
2025-10-02 13:07:01,418 [INFO] PluginManager:220 - loadIPPluginJar : add resmgrutility
2025-10-02 13:07:01,422 [INFO] IPUIPlugin:80 - create IPUIPlugin
2025-10-02 13:07:01,422 [INFO] PluginManager:220 - loadIPPluginJar : add sai
2025-10-02 13:07:01,424 [INFO] IPUIPlugin:80 - create IPUIPlugin
2025-10-02 13:07:01,424 [INFO] PluginManager:220 - loadIPPluginJar : add spi
2025-10-02 13:07:01,428 [INFO] IPUIPlugin:80 - create IPUIPlugin
2025-10-02 13:07:01,429 [INFO] PluginManager:220 - loadIPPluginJar : add stm32_wpan
2025-10-02 13:07:01,430 [INFO] IPUIPlugin:80 - create IPUIPlugin
2025-10-02 13:07:01,430 [INFO] PluginManager:220 - loadIPPluginJar : add tim
2025-10-02 13:07:01,433 [INFO] IPUIPlugin:80 - create IPUIPlugin
2025-10-02 13:07:01,433 [INFO] PluginManager:220 - loadIPPluginJar : add touchsensing
2025-10-02 13:07:01,436 [INFO] IPUIPlugin:80 - create IPUIPlugin
2025-10-02 13:07:01,436 [INFO] PluginManager:220 - loadIPPluginJar : add tracer_emb
2025-10-02 13:07:01,438 [INFO] IPUIPlugin:80 - create IPUIPlugin
2025-10-02 13:07:01,438 [INFO] PluginManager:220 - loadIPPluginJar : add ts
2025-10-02 13:07:01,439 [INFO] IPUIPlugin:80 - create IPUIPlugin
2025-10-02 13:07:01,439 [INFO] PluginManager:220 - loadIPPluginJar : add tsc
2025-10-02 13:07:01,441 [INFO] IPUIPlugin:80 - create IPUIPlugin
2025-10-02 13:07:01,441 [INFO] PluginManager:220 - loadIPPluginJar : add ucpd
2025-10-02 13:07:01,442 [INFO] IPUIPlugin:80 - create IPUIPlugin
2025-10-02 13:07:01,443 [INFO] PluginManager:220 - loadIPPluginJar : add usart
2025-10-02 13:07:01,445 [INFO] IPUIPlugin:80 - create IPUIPlugin
2025-10-02 13:07:01,445 [INFO] PluginManager:220 - loadIPPluginJar : add usbx
2025-10-02 13:07:01,557 [FATAL] Updater:351 - Updater called before beeing initialized
2025-10-02 13:07:01,585 [INFO] RulesReader:64 - Compatibility file has been processed (317 Rules)
2025-10-02 13:07:01,595 [INFO] RulesReader:64 - Compatibility file has been processed (317 Rules)
2025-10-02 13:07:01,603 [INFO] CADModel:165 - CPN selected for project level
2025-10-02 13:07:01,603 [INFO] CADModel:114 - Register for checkConnection events
2025-10-02 13:07:01,603 [FATAL] Updater:351 - Updater called before beeing initialized
2025-10-02 13:07:01,603 [ERROR] CADModel:125 - Updater not yet initialized, retry later 
2025-10-02 13:07:01,722 [FATAL] Updater:351 - Updater called before beeing initialized
2025-10-02 13:07:01,723 [INFO] CADModel:165 - CPN selected for project level
2025-10-02 13:07:01,724 [INFO] CADModel:114 - Register for checkConnection events
2025-10-02 13:07:01,724 [FATAL] Updater:351 - Updater called before beeing initialized
2025-10-02 13:07:01,724 [ERROR] CADModel:125 - Updater not yet initialized, retry later 
2025-10-02 13:07:01,726 [FATAL] Updater:351 - Updater called before beeing initialized
2025-10-02 13:07:01,803 [FATAL] Updater:351 - Updater called before beeing initialized
2025-10-02 13:07:01,806 [INFO] DbMcusAds:53 - JSON generation date=Tue Jul 08 04:14:23 EDT 2025 (1751962463541)
2025-10-02 13:07:01,806 [FATAL] Updater:351 - Updater called before beeing initialized
2025-10-02 13:07:01,834 [WARN] DetailPanel:346 - Failed to get advertising image, set to default
2025-10-02 13:07:01,890 [FATAL] Updater:351 - Updater called before beeing initialized
2025-10-02 13:07:01,892 [FATAL] Updater:351 - Updater called before beeing initialized
2025-10-02 13:07:01,892 [FATAL] Updater:351 - Updater called before beeing initialized
2025-10-02 13:07:01,892 [WARN] DetailPanel:346 - Failed to get advertising image, set to default
2025-10-02 13:07:01,892 [FATAL] Updater:351 - Updater called before beeing initialized
2025-10-02 13:07:01,926 [ERROR] Updater:1198 - MainUpdater not yet initialized. External WinMGr cannot be set.
2025-10-02 13:07:01,927 [INFO] Updater:1134 - Updater Version found : 6.15.0
2025-10-02 13:07:01,943 [INFO] ApplicationProperties:184 - Using Application install path: C:\ST\STM32CubeIDE_1.19.0\STM32CubeIDE\plugins\com.st.stm32cube.common.mx_6.15.0.202507011659
2025-10-02 13:07:03,518 [ERROR] LogOutputStream:75 - [STDERR_REDIRECT] Oct 02, 2025 1:07:03 PM java.util.prefs.WindowsPreferences <init>
2025-10-02 13:07:03,519 [ERROR] LogOutputStream:75 - [STDERR_REDIRECT] WARNING: Could not open/create prefs root node Software\JavaSoft\Prefs at root 0xffffffff80000002. Windows RegCreateKeyEx(...) returned error code 5.
2025-10-02 13:07:03,519 [ERROR] LogOutputStream:75 - [STDERR_REDIRECT] 
2025-10-02 13:07:03,799 [INFO] MainUpdater:2872 - connection check result : 10
2025-10-02 13:07:03,800 [INFO] MainUpdater:289 - Updater Check For Update Now.
2025-10-02 13:07:03,800 [INFO] MicroXplorer:498 - Change Database Version : DB.6.0.150
2025-10-02 13:07:03,806 [INFO] McuFinderGlobals:63 - Set McuFinder mode to 2 (CubeIDE integrated)
2025-10-02 13:07:03,808 [INFO] UserAuth:487 - Internet connection configuration mode: 1
2025-10-02 13:07:03,858 [WARN] MainUpdater:1193 - Updater busy. Cannot search thirdparties
2025-10-02 13:07:03,858 [INFO] ThirdPartyUpdaterWithRetryManager:96 - Updater plugin is busy. [1/15]
2025-10-02 13:07:03,860 [INFO] JxBrowserEngine:152 - Initiate JxBrowser Engine with user profile folder
2025-10-02 13:07:03,973 [INFO] CheckServerUpdateThread:120 - End of CheckServer Thread
2025-10-02 13:07:04,546 [INFO] WebApp:169 - Instantiating new browser for Auth
2025-10-02 13:07:05,210 [INFO] WebApp:463 - Apply proxy settings
2025-10-02 13:07:05,210 [INFO] WebApp:548 - Chromium requires no authentication
2025-10-02 13:07:05,220 [INFO] WebApp:491 - Direct internet connection detected
2025-10-02 13:07:05,242 [INFO] WebApp:900 - Register for checkConnection events
2025-10-02 13:07:05,243 [INFO] WebApp:463 - Apply proxy settings
2025-10-02 13:07:05,243 [INFO] WebApp:548 - Chromium requires no authentication
2025-10-02 13:07:05,243 [INFO] WebApp:491 - Direct internet connection detected
2025-10-02 13:07:05,440 [INFO] WebApp:225 - Starting web application
2025-10-02 13:07:05,440 [INFO] WebApp:593 - Web application path used C:\ST\STM32CubeIDE_1.19.0\STM32CubeIDE\plugins\com.st.stm32cube.common.mx_6.15.0.202507011659\db\plugins\mcufinder\reactClient1\index.html
2025-10-02 13:07:05,445 [INFO] WebApp:191 - Connection restablished
2025-10-02 13:07:05,524 [INFO] UserAuth:487 - Internet connection configuration mode: 1
2025-10-02 13:07:06,987 [WARN] PackLoader:240 - Cannot read IP mode file for STMicroelectronics.FP-SNS-MOTENVWB1.1.4.0
2025-10-02 13:07:06,994 [WARN] PackLoader:240 - Cannot read IP mode file for STMicroelectronics.FP-ATR-ASTRA1.2.0.2
2025-10-02 13:07:07,000 [WARN] PackLoader:240 - Cannot read IP mode file for STMicroelectronics.X-CUBE-SMBUS.2.1.0
2025-10-02 13:07:07,003 [WARN] PackLoader:240 - Cannot read IP mode file for STMicroelectronics.X-CUBE-ST60.1.0.0
2025-10-02 13:07:07,026 [WARN] PackLoader:240 - Cannot read IP mode file for STMicroelectronics.X-CUBE-AZRTOS-F7.1.1.0
2025-10-02 13:07:07,038 [WARN] PackLoader:240 - Cannot read IP mode file for WES.I-CUBE-Cesium.1.4.0
2025-10-02 13:07:07,056 [WARN] PackLoader:240 - Cannot read IP mode file for Infineon.AIROC-Wi-Fi-Bluetooth-STM32.1.7.1
2025-10-02 13:07:07,088 [WARN] PackLoader:240 - Cannot read IP mode file for STMicroelectronics.X-CUBE-AZRTOS-H7.3.4.0
2025-10-02 13:07:07,098 [WARN] PackLoader:240 - Cannot read IP mode file for STMicroelectronics.X-CUBE-DISPLAY.3.0.0
2025-10-02 13:07:07,114 [WARN] PackLoader:240 - Cannot read IP mode file for STMicroelectronics.X-CUBE-NFC10.1.0.0
2025-10-02 13:07:07,119 [WARN] PackLoader:240 - Cannot read IP mode file for emotas.I-CUBE-CANOPEN.1.3.0
2025-10-02 13:07:07,124 [WARN] PackLoader:240 - Cannot read IP mode file for STMicroelectronics.FP-SNS-STBOX1.2.1.0
2025-10-02 13:07:07,129 [WARN] PackLoader:240 - Cannot read IP mode file for STMicroelectronics.FP-SNS-SMARTAG2.1.2.0
2025-10-02 13:07:07,132 [WARN] PackLoader:240 - Cannot read IP mode file for STMicroelectronics.FP-SNS-FLIGHT1.5.1.0
2025-10-02 13:07:07,138 [INFO] LogOutputStream:77 - [STDOUT_REDIRECT] 1 : Invalid condition id : UX_CORESTACK_Condition cause : null
2025-10-02 13:07:07,140 [INFO] LogOutputStream:77 - [STDOUT_REDIRECT] 1 : Invalid condition id : UX_CORESTACK_Condition cause : null
2025-10-02 13:07:07,144 [INFO] LogOutputStream:77 - [STDOUT_REDIRECT] 1 : Invalid condition id : UX_CORESTACK_Condition cause : null
2025-10-02 13:07:07,145 [INFO] LogOutputStream:77 - [STDOUT_REDIRECT] 1 : Invalid condition id : UX_CORESTACK_Condition cause : null
2025-10-02 13:07:07,148 [INFO] LogOutputStream:77 - [STDOUT_REDIRECT] 1 : Invalid condition id : UX_CORESTACK_Condition cause : null
2025-10-02 13:07:07,151 [WARN] PackLoader:240 - Cannot read IP mode file for STMicroelectronics.X-CUBE-AZRTOS-WL.2.0.0
2025-10-02 13:07:07,157 [WARN] PackLoader:240 - Cannot read IP mode file for STMicroelectronics.FP-SNS-MOTENV1.5.0.0
2025-10-02 13:07:07,163 [WARN] PackLoader:240 - Cannot read IP mode file for STMicroelectronics.X-CUBE-BLE2.3.3.0
2025-10-02 13:07:07,168 [WARN] PackLoader:240 - Cannot read IP mode file for STMicroelectronics.X-CUBE-NFC9.1.0.0
2025-10-02 13:07:07,177 [WARN] PackLoader:240 - Cannot read IP mode file for wolfSSL.I-CUBE-wolfSSL.5.8.2
2025-10-02 13:07:07,183 [WARN] PackLoader:240 - Cannot read IP mode file for STMicroelectronics.X-CUBE-BLE1.7.1.0
2025-10-02 13:07:07,188 [WARN] PackLoader:240 - Cannot read IP mode file for wolfSSL.I-CUBE-wolfMQTT.1.19.2
2025-10-02 13:07:07,193 [WARN] PackLoader:240 - Cannot read IP mode file for STMicroelectronics.X-CUBE-EEPRMA1.5.2.0
2025-10-02 13:07:07,203 [WARN] PackLoader:240 - Cannot read IP mode file for STMicroelectronics.X-CUBE-AZRTOS-G0.1.1.0
2025-10-02 13:07:07,209 [WARN] PackLoader:240 - Cannot read IP mode file for STMicroelectronics.X-CUBE-SAFEA1.1.2.2
2025-10-02 13:07:07,215 [WARN] PackLoader:240 - Cannot read IP mode file for STMicroelectronics.X-CUBE-NFC4.3.0.0
2025-10-02 13:07:07,223 [WARN] PackLoader:240 - Cannot read IP mode file for EmbeddedOffice.I-CUBE-FS-RTOS.1.0.1
2025-10-02 13:07:07,227 [WARN] PackLoader:240 - Cannot read IP mode file for STMicroelectronics.X-CUBE-WB05N.2.0.0
2025-10-02 13:07:07,230 [WARN] PackLoader:240 - Cannot read IP mode file for wolfSSL.I-CUBE-wolfTPM.3.8.0
2025-10-02 13:07:07,234 [WARN] PackLoader:240 - Cannot read IP mode file for STMicroelectronics.X-CUBE-TCPP.4.2.0
2025-10-02 13:07:07,239 [WARN] PackLoader:240 - Cannot read IP mode file for RealThread.X-CUBE-RT-Thread_Nano.4.1.1
2025-10-02 13:07:07,243 [WARN] PackLoader:240 - Cannot read IP mode file for STMicroelectronics.FP-ATR-SIGFOX1.3.2.0
2025-10-02 13:07:07,249 [WARN] PackLoader:240 - Cannot read IP mode file for ITTIA_DB.I-CUBE-ITTIADB.8.9.0
2025-10-02 13:07:07,257 [WARN] PackLoader:240 - Cannot read IP mode file for STMicroelectronics.X-CUBE-ST67W61.1.0.0
2025-10-02 13:07:07,260 [WARN] PackLoader:240 - Cannot read IP mode file for STMicroelectronics.X-CUBE-AI.10.2.0
2025-10-02 13:07:07,275 [WARN] PackLoader:240 - Cannot read IP mode file for SEGGER.I-CUBE-embOS.1.3.1
2025-10-02 13:07:07,298 [WARN] PackLoader:240 - Cannot read IP mode file for STMicroelectronics.X-CUBE-ALGOBUILD.1.4.0
2025-10-02 13:07:07,322 [WARN] PackLoader:240 - Cannot read IP mode file for STMicroelectronics.X-CUBE-MEMS1.11.3.0
2025-10-02 13:07:07,407 [WARN] PackLoader:240 - Cannot read IP mode file for STMicroelectronics.X-CUBE-PM33A1.1.0.0
2025-10-02 13:07:07,424 [WARN] PackLoader:240 - Cannot read IP mode file for STMicroelectronics.X-CUBE-AZRTOS-F4.1.1.0
2025-10-02 13:07:07,434 [WARN] PackLoader:240 - Cannot read IP mode file for Avnet-IotConnect.X-CUBE-IoTC-DA16k-PMOD.1.0.0
2025-10-02 13:07:07,472 [WARN] PackLoader:240 - Cannot read IP mode file for STMicroelectronics.X-CUBE-ISPU.2.1.0
2025-10-02 13:07:07,481 [WARN] PackLoader:240 - Cannot read IP mode file for STMicroelectronics.X-CUBE-NFC12.1.0.0
2025-10-02 13:07:07,502 [WARN] PackLoader:240 - Cannot read IP mode file for STMicroelectronics.X-CUBE-AZRTOS-L5.2.0.0
2025-10-02 13:07:07,511 [WARN] PackLoader:240 - Cannot read IP mode file for STMicroelectronics.X-CUBE-NFC6.3.1.0
2025-10-02 13:07:07,517 [WARN] PackLoader:240 - Cannot read IP mode file for STMicroelectronics.X-CUBE-FREERTOS.1.3.1
2025-10-02 13:07:07,526 [WARN] PackLoader:240 - Cannot read IP mode file for STMicroelectronics.X-CUBE-TOUCHGFX.4.26.0
2025-10-02 13:07:07,531 [WARN] PackLoader:240 - Cannot read IP mode file for STMicroelectronics.FP-SNS-STAIOTCFT.1.0.0
2025-10-02 13:07:07,538 [WARN] PackLoader:240 - Cannot read IP mode file for STMicroelectronics.X-CUBE-DPower.1.3.0
2025-10-02 13:07:07,551 [WARN] ConditionMgr:438 - getConditionDescription Invalid condition id : LAN8742 Phy interface Condition cause : null
2025-10-02 13:07:07,552 [WARN] PackLoader:240 - Cannot read IP mode file for STMicroelectronics.X-CUBE-AZRTOS-L4.2.0.0
2025-10-02 13:07:07,553 [WARN] ConditionMgr:1044 - genDependencies : Invalid condition id : LAN8742 Phy interface Condition cause : null
2025-10-02 13:07:07,553 [WARN] ConditionMgr:1044 - genDependencies : Invalid condition id : LAN8742 Phy interface Condition cause : null
2025-10-02 13:07:07,553 [WARN] ConditionMgr:1044 - genDependencies : Invalid condition id : LAN8742 Phy interface Condition cause : null
2025-10-02 13:07:07,559 [WARN] PackLoader:240 - Cannot read IP mode file for STMicroelectronics.X-CUBE-SFXS2LP1.4.0.0
2025-10-02 13:07:07,568 [WARN] PackLoader:240 - Cannot read IP mode file for STMicroelectronics.X-CUBE-BLEMGR.4.1.0
2025-10-02 13:07:07,577 [WARN] ConditionMgr:438 - getConditionDescription Invalid condition id : UX DEVICE CLASS RTOS Condition cause : null
2025-10-02 13:07:07,577 [WARN] ConditionMgr:438 - getConditionDescription Invalid condition id : UX DEVICE CLASS RTOS Condition cause : null
2025-10-02 13:07:07,578 [WARN] PackLoader:240 - Cannot read IP mode file for STMicroelectronics.X-CUBE-AZRTOS-WB.2.0.0
2025-10-02 13:07:07,579 [WARN] ConditionMgr:1044 - genDependencies : Invalid condition id : UX DEVICE CLASS RTOS Condition cause : null
2025-10-02 13:07:07,579 [WARN] ConditionMgr:1044 - genDependencies : Invalid condition id : UX DEVICE CLASS RTOS Condition cause : null
2025-10-02 13:07:07,579 [WARN] ConditionMgr:1044 - genDependencies : Invalid condition id : UX DEVICE CLASS RTOS Condition cause : null
2025-10-02 13:07:07,579 [WARN] ConditionMgr:1044 - genDependencies : Invalid condition id : UX DEVICE CLASS RTOS Condition cause : null
2025-10-02 13:07:07,579 [WARN] ConditionMgr:1044 - genDependencies : Invalid condition id : UX DEVICE CLASS RTOS Condition cause : null
2025-10-02 13:07:07,583 [WARN] PackLoader:240 - Cannot read IP mode file for STMicroelectronics.X-CUBE-GNSS1.7.0.1
2025-10-02 13:07:07,586 [WARN] PackLoader:240 - Cannot read IP mode file for STMicroelectronics.X-CUBE-TOUCHGFX.4.25.0
2025-10-02 13:07:07,589 [WARN] ConditionMgr:438 - getConditionDescription Invalid condition id : Cortex-A Device cause : null
2025-10-02 13:07:07,605 [WARN] ConditionMgr:1044 - genDependencies : Invalid condition id : Cortex-A Device cause : null
2025-10-02 13:07:07,605 [WARN] ConditionMgr:1044 - genDependencies : Invalid condition id : Cortex-A Device cause : null
2025-10-02 13:07:07,605 [WARN] ConditionMgr:1044 - genDependencies : Invalid condition id : Cortex-A Device cause : null
2025-10-02 13:07:07,615 [WARN] PackLoader:240 - Cannot read IP mode file for STMicroelectronics.X-CUBE-SUBG2.5.0.0
2025-10-02 13:07:07,630 [WARN] PackLoader:240 - Cannot read IP mode file for STMicroelectronics.X-CUBE-AZRTOS-H7RS.1.1.0
2025-10-02 13:07:07,635 [WARN] PackLoader:240 - Cannot read IP mode file for Cesanta.I-CUBE-Mongoose.7.13.0
2025-10-02 13:07:07,646 [WARN] PackLoader:240 - Cannot read IP mode file for STMicroelectronics.X-CUBE-AZRTOS-G4.2.0.0
2025-10-02 13:07:07,651 [WARN] PackLoader:240 - Cannot read IP mode file for wolfSSL.I-CUBE-wolfSSH.1.4.20
2025-10-02 13:07:07,655 [WARN] PackLoader:240 - Cannot read IP mode file for STMicroelectronics.X-CUBE-NFC7.2.0.0
2025-10-02 13:07:07,662 [WARN] PackLoader:240 - Cannot read IP mode file for STMicroelectronics.X-CUBE-IPS.3.1.0
2025-10-02 13:07:07,672 [WARN] PackLoader:240 - Cannot read IP mode file for STMicroelectronics.X-CUBE-ALS.1.0.2
2025-10-02 13:07:07,677 [WARN] PackLoader:240 - Cannot read IP mode file for STMicroelectronics.X-CUBE-STSE01.1.0.0
2025-10-02 13:07:07,684 [WARN] PackLoader:240 - Cannot read IP mode file for STMicroelectronics.X-CUBE-TOF1.3.4.3
2025-10-02 13:07:07,690 [INFO] ThirdParty:978 - Integrity check success = true
2025-10-02 13:07:07,690 [INFO] IntegrityCheckThread:100 - exiting critical section [integrity check]
2025-10-02 13:07:07,690 [INFO] IntegrityCheckThread:103 - End integrity checks thread
2025-10-02 13:28:19,743 [INFO] MainUpdater:2872 - connection check result : 10
2025-10-02 13:28:20,612 [INFO] CheckServerUpdateThread:120 - End of CheckServer Thread
2025-10-02 13:28:45,072 [INFO] MainUpdater:2872 - connection check result : 10
2025-10-02 13:29:13,329 [INFO] MainUpdater:2872 - connection check result : 10
2025-10-02 13:54:59,300 [ERROR] ConfigurationRetriever:142 - IOException on connection: Read timed out
2025-10-02 14:27:18,792 [ERROR] LogOutputStream:75 - [STDERR_REDIRECT] 
2025-10-02 14:27:42,350 [INFO] Activator:176 - 


2025-10-02 14:27:42,351 [INFO] Activator:177 - !SESSION log4j initialized
2025-10-02 14:27:46,487 [INFO] LogOutputStream:77 - [STDOUT_REDIRECT] 
2025-10-02 14:27:47,658 [INFO] ApplicationProperties:184 - Using Application install path: C:\ST\STM32CubeIDE_1.19.0\STM32CubeIDE\plugins\com.st.stm32cube.common.mx_6.15.0.202507011659
2025-10-02 14:27:47,685 [INFO] DbMcusXml:78 - Set database path to: C:\ST\STM32CubeIDE_1.19.0\STM32CubeIDE\plugins\com.st.stm32cube.common.mx_6.15.0.202507011659\\db\/mcu/
2025-10-02 14:27:47,685 [INFO] ApiDb:274 - Set plugin database path to: C:\ST\STM32CubeIDE_1.19.0\STM32CubeIDE\plugins\com.st.stm32cube.common.mx_6.15.0.202507011659\\db\/plugins/boardmanager/
2025-10-02 14:27:47,685 [WARN] ApiDb:259 - Overriding images path with different value:  => C:\ST\STM32CubeIDE_1.19.0\STM32CubeIDE\plugins\com.st.stm32cube.common.mx_6.15.0.202507011659\\db\/plugins/mcufinder/images/
2025-10-02 14:27:47,694 [INFO] ApiDb:250 - Set database path to: C:\Users\rafae\.stmcufinder\plugins\mcufinder//mcu/
2025-10-02 14:27:47,696 [INFO] DbMcusAds:125 - Set database path to: C:\Users\rafae\.stmcufinder\plugins\mcufinder//mcu/
2025-10-02 14:27:47,700 [INFO] CrossReferenceDbSqlite:203 - Set database path to: C:\Users\rafae\.stmcufinder\plugins\mcufinder//mcu/cs/
2025-10-02 14:27:47,813 [INFO] RulesReader:64 - Compatibility file has been processed (317 Rules)
2025-10-02 14:27:47,879 [INFO] DbMcusXml:78 - Set database path to: C:\ST\STM32CubeIDE_1.19.0\STM32CubeIDE\plugins\com.st.stm32cube.common.mx_6.15.0.202507011659\\db\/mcu/
2025-10-02 14:27:47,879 [INFO] ApiDb:274 - Set plugin database path to: C:\ST\STM32CubeIDE_1.19.0\STM32CubeIDE\plugins\com.st.stm32cube.common.mx_6.15.0.202507011659\\db\/plugins/boardmanager/
2025-10-02 14:27:47,879 [INFO] ApiDb:261 - Set plugin images path to: C:\ST\STM32CubeIDE_1.19.0\STM32CubeIDE\plugins\com.st.stm32cube.common.mx_6.15.0.202507011659\\db\/plugins/mcufinder/images/
2025-10-02 14:27:47,879 [WARN] DbFile:41 - Overriding database path with different value: C:\Users\rafae\.stmcufinder\plugins\mcufinder/ => C:\Users\rafae\.stmcufinder\plugins\mcufinder
2025-10-02 14:27:47,880 [INFO] ApiDb:250 - Set database path to: C:\Users\rafae\.stmcufinder\plugins\mcufinder//mcu/
2025-10-02 14:27:47,880 [WARN] DbFile:41 - Overriding database path with different value: C:\Users\rafae\.stmcufinder\plugins\mcufinder/ => C:\Users\rafae\.stmcufinder\plugins\mcufinder
2025-10-02 14:27:47,880 [INFO] DbMcusAds:125 - Set database path to: C:\Users\rafae\.stmcufinder\plugins\mcufinder//mcu/
2025-10-02 14:27:47,880 [WARN] DbFile:41 - Overriding database path with different value: C:\Users\rafae\.stmcufinder\plugins\mcufinder/ => C:\Users\rafae\.stmcufinder\plugins\mcufinder
2025-10-02 14:27:47,880 [WARN] DbFile:41 - Overriding database path with different value: C:\Users\rafae\.stmcufinder\plugins\mcufinder/ => C:\Users\rafae\.stmcufinder\plugins\mcufinder
2025-10-02 14:27:47,880 [INFO] CrossReferenceDbSqlite:203 - Set database path to: C:\Users\rafae\.stmcufinder\plugins\mcufinder//mcu/cs/
2025-10-02 14:27:47,926 [INFO] MainPanel:274 - HeapMemory: 268435456
2025-10-02 14:27:47,990 [INFO] DbMcusXml:78 - Set database path to: C:\ST\STM32CubeIDE_1.19.0\STM32CubeIDE\plugins\com.st.stm32cube.common.mx_6.15.0.202507011659\\db\/mcu/
2025-10-02 14:27:47,990 [INFO] ApiDb:274 - Set plugin database path to: C:\ST\STM32CubeIDE_1.19.0\STM32CubeIDE\plugins\com.st.stm32cube.common.mx_6.15.0.202507011659\\db\/plugins/boardmanager/
2025-10-02 14:27:47,990 [INFO] ApiDb:261 - Set plugin images path to: C:\ST\STM32CubeIDE_1.19.0\STM32CubeIDE\plugins\com.st.stm32cube.common.mx_6.15.0.202507011659\\db\/plugins/mcufinder/images/
2025-10-02 14:27:47,990 [WARN] DbFile:41 - Overriding database path with different value: C:\Users\rafae\.stmcufinder\plugins\mcufinder/ => C:\Users\rafae\.stmcufinder\plugins\mcufinder
2025-10-02 14:27:47,991 [INFO] ApiDb:250 - Set database path to: C:\Users\rafae\.stmcufinder\plugins\mcufinder//mcu/
2025-10-02 14:27:47,991 [WARN] DbFile:41 - Overriding database path with different value: C:\Users\rafae\.stmcufinder\plugins\mcufinder/ => C:\Users\rafae\.stmcufinder\plugins\mcufinder
2025-10-02 14:27:47,991 [INFO] DbMcusAds:125 - Set database path to: C:\Users\rafae\.stmcufinder\plugins\mcufinder//mcu/
2025-10-02 14:27:47,991 [WARN] DbFile:41 - Overriding database path with different value: C:\Users\rafae\.stmcufinder\plugins\mcufinder/ => C:\Users\rafae\.stmcufinder\plugins\mcufinder
2025-10-02 14:27:47,991 [WARN] DbFile:41 - Overriding database path with different value: C:\Users\rafae\.stmcufinder\plugins\mcufinder/ => C:\Users\rafae\.stmcufinder\plugins\mcufinder
2025-10-02 14:27:47,991 [INFO] CrossReferenceDbSqlite:203 - Set database path to: C:\Users\rafae\.stmcufinder\plugins\mcufinder//mcu/cs/
2025-10-02 14:27:48,004 [INFO] ApplicationProperties:184 - Using Application install path: C:\ST\STM32CubeIDE_1.19.0\STM32CubeIDE\plugins\com.st.stm32cube.common.mx_6.15.0.202507011659
2025-10-02 14:27:48,005 [INFO] PluginManage:196 - Search for loadable plugins [exclusion list=, ]
2025-10-02 14:27:48,006 [INFO] PluginManage:310 - Check plugin analytics
2025-10-02 14:27:48,157 [INFO] AnalyticsPlugin:253 - Accepted Software Licenses: 
2025-10-02 14:27:48,157 [INFO] AnalyticsPlugin:255 - Accepted CMSIS Pack Licenses: 
2025-10-02 14:27:48,157 [INFO] AnalyticsPlugin:257 - Accepted Firmware Licenses: FW.L4.1.18.0
2025-10-02 14:27:48,160 [INFO] PluginManage:359 - Loaded plugin analytics (category:tool,tabindex:-1)
2025-10-02 14:27:48,161 [INFO] PluginManage:310 - Check plugin cadmodel
2025-10-02 14:27:48,165 [INFO] CADModel:105 - Init CAD model plugin
2025-10-02 14:27:48,165 [INFO] PluginManage:359 - Loaded plugin cadmodel (category:power,tabindex:5)
2025-10-02 14:27:48,165 [INFO] PluginManage:310 - Check plugin clock
2025-10-02 14:27:48,172 [INFO] PluginManage:359 - Loaded plugin clock (category:base,tabindex:2)
2025-10-02 14:27:48,172 [INFO] PluginManage:310 - Check plugin ddr
2025-10-02 14:27:48,174 [INFO] PluginManage:359 - Loaded plugin ddr (category:tool,tabindex:6)
2025-10-02 14:27:48,174 [INFO] PluginManage:310 - Check plugin filemanager
2025-10-02 14:27:48,290 [INFO] PluginManage:359 - Loaded plugin filemanager (category:base,tabindex:10)
2025-10-02 14:27:48,290 [INFO] PluginManage:310 - Check plugin ipmanager
2025-10-02 14:27:48,295 [INFO] PluginManage:359 - Loaded plugin ipmanager (category:base,tabindex:5)
2025-10-02 14:27:48,295 [INFO] PluginManage:310 - Check plugin lpbam
2025-10-02 14:27:48,304 [INFO] PluginManage:359 - Loaded plugin lpbam (category:base,tabindex:0)
2025-10-02 14:27:48,304 [INFO] PluginManage:310 - Check plugin memorymap
2025-10-02 14:27:48,314 [INFO] PluginManage:359 - Loaded plugin memorymap (category:base,tabindex:4)
2025-10-02 14:27:48,315 [INFO] PluginManage:310 - Check plugin pinoutandconfiguration
2025-10-02 14:27:48,321 [INFO] PluginManage:359 - Loaded plugin pinoutandconfiguration (category:base,tabindex:1)
2025-10-02 14:27:48,321 [INFO] PluginManage:310 - Check plugin pinoutconfig
2025-10-02 14:27:48,388 [WARN] SupportedApi:132 - Cannot load RTOS API schema: s4s-elt-must-match.1: The content of 'definitions' must match (annotation?, (simpleType | complexType)?, (unique | key | keyref)*)). A problem was found starting at: attribute.
2025-10-02 14:27:48,495 [INFO] PluginManage:359 - Loaded plugin pinoutconfig (category:base,tabindex:0)
2025-10-02 14:27:48,495 [INFO] PluginManage:310 - Check plugin power
2025-10-02 14:27:48,501 [INFO] PluginManage:359 - Loaded plugin power (category:power,tabindex:4)
2025-10-02 14:27:48,501 [INFO] PluginManage:310 - Check plugin projectmanager
2025-10-02 14:27:48,515 [INFO] PluginManage:359 - Loaded plugin projectmanager (category:projectmanager,tabindex:4)
2025-10-02 14:27:48,515 [INFO] PluginManage:310 - Check plugin rif
2025-10-02 14:27:48,521 [INFO] PluginManage:359 - Loaded plugin rif (category:base,tabindex:3)
2025-10-02 14:27:48,521 [INFO] PluginManage:310 - Check plugin thirdparty
2025-10-02 14:27:48,639 [WARN] IntegrityCheckThread:84 - waiting for thirdparty lock release [integrity check]
2025-10-02 14:27:48,639 [INFO] IntegrityCheckThread:86 - entering critical section [integrity check]
2025-10-02 14:27:48,639 [INFO] ThirdPartyUpdaterWithRetryManager:70 - Updater plugin not ready yet. [1/15]
2025-10-02 14:27:48,639 [INFO] PluginManage:359 - Loaded plugin thirdparty (category:base,tabindex:-1)
2025-10-02 14:27:48,640 [INFO] PluginManage:310 - Check plugin tools
2025-10-02 14:27:48,644 [INFO] PluginManage:359 - Loaded plugin tools (category:base,tabindex:7)
2025-10-02 14:27:48,644 [INFO] PluginManage:310 - Check plugin tutovideos
2025-10-02 14:27:48,789 [INFO] PluginManage:359 - Loaded plugin tutovideos (category:base,tabindex:-1)
2025-10-02 14:27:48,790 [INFO] PluginManage:310 - Check plugin updater
2025-10-02 14:27:48,808 [INFO] PluginManage:359 - Loaded plugin updater (category:base,tabindex:12)
2025-10-02 14:27:48,808 [INFO] PluginManage:310 - Check plugin userauth
2025-10-02 14:27:48,811 [INFO] UserAuth:118 - Init User Auth plugin
2025-10-02 14:27:48,811 [INFO] PluginManage:359 - Loaded plugin userauth (category:base,tabindex:14)
2025-10-02 14:27:48,812 [INFO] PluginManage:283 - PluginManage : Loaded plugins [18]
2025-10-02 14:27:48,948 [INFO] PinOutPanel:1589 - setPackage(No Configuration,No Configuration)
2025-10-02 14:27:49,039 [INFO] CADModel:165 - CPN selected for project level
2025-10-02 14:27:49,039 [INFO] CADModel:114 - Register for checkConnection events
2025-10-02 14:27:49,058 [INFO] IPUIPlugin:80 - create IPUIPlugin
2025-10-02 14:27:49,059 [INFO] PluginManager:220 - loadIPPluginJar : add adc
2025-10-02 14:27:49,061 [INFO] IPUIPlugin:80 - create IPUIPlugin
2025-10-02 14:27:49,062 [INFO] PluginManager:220 - loadIPPluginJar : add aes
2025-10-02 14:27:49,064 [INFO] IPUIPlugin:80 - create IPUIPlugin
2025-10-02 14:27:49,064 [INFO] PluginManager:220 - loadIPPluginJar : add can
2025-10-02 14:27:49,066 [INFO] IPUIPlugin:80 - create IPUIPlugin
2025-10-02 14:27:49,066 [INFO] PluginManager:220 - loadIPPluginJar : add comp
2025-10-02 14:27:49,068 [INFO] IPUIPlugin:80 - create IPUIPlugin
2025-10-02 14:27:49,068 [INFO] PluginManager:220 - loadIPPluginJar : add cryp
2025-10-02 14:27:49,070 [INFO] IPUIPlugin:80 - create IPUIPlugin
2025-10-02 14:27:49,070 [INFO] PluginManager:220 - loadIPPluginJar : add ddr_ctrl_phy
2025-10-02 14:27:49,072 [INFO] IPUIPlugin:80 - create IPUIPlugin
2025-10-02 14:27:49,072 [INFO] PluginManager:220 - loadIPPluginJar : add dfsdm
2025-10-02 14:27:49,077 [INFO] IPUIPlugin:80 - create IPUIPlugin
2025-10-02 14:27:49,077 [INFO] PluginManager:220 - loadIPPluginJar : add dma
2025-10-02 14:27:49,079 [INFO] IPUIPlugin:80 - create IPUIPlugin
2025-10-02 14:27:49,079 [INFO] PluginManager:220 - loadIPPluginJar : add dma3
2025-10-02 14:27:49,081 [INFO] IPUIPlugin:80 - create IPUIPlugin
2025-10-02 14:27:49,081 [INFO] PluginManager:220 - loadIPPluginJar : add extmemmanager
2025-10-02 14:27:49,082 [INFO] IPUIPlugin:80 - create IPUIPlugin
2025-10-02 14:27:49,082 [INFO] PluginManager:220 - loadIPPluginJar : add fatfs
2025-10-02 14:27:49,088 [INFO] IPUIPlugin:80 - create IPUIPlugin
2025-10-02 14:27:49,088 [INFO] PluginManager:220 - loadIPPluginJar : add fmc
2025-10-02 14:27:49,092 [INFO] IPUIPlugin:80 - create IPUIPlugin
2025-10-02 14:27:49,092 [INFO] PluginManager:220 - loadIPPluginJar : add freertos
2025-10-02 14:27:49,094 [INFO] IPUIPlugin:80 - create IPUIPlugin
2025-10-02 14:27:49,094 [INFO] PluginManager:220 - loadIPPluginJar : add genericplugin
2025-10-02 14:27:49,095 [INFO] IPUIPlugin:80 - create IPUIPlugin
2025-10-02 14:27:49,096 [INFO] PluginManager:220 - loadIPPluginJar : add gfxmmu
2025-10-02 14:27:49,099 [INFO] IPUIPlugin:80 - create IPUIPlugin
2025-10-02 14:27:49,099 [INFO] PluginManager:220 - loadIPPluginJar : add gic
2025-10-02 14:27:49,102 [INFO] IPUIPlugin:80 - create IPUIPlugin
2025-10-02 14:27:49,103 [INFO] PluginManager:220 - loadIPPluginJar : add gpio
2025-10-02 14:27:49,104 [INFO] IPUIPlugin:80 - create IPUIPlugin
2025-10-02 14:27:49,105 [INFO] PluginManager:220 - loadIPPluginJar : add gtzc
2025-10-02 14:27:49,106 [INFO] IPUIPlugin:80 - create IPUIPlugin
2025-10-02 14:27:49,106 [INFO] PluginManager:220 - loadIPPluginJar : add hash
2025-10-02 14:27:49,108 [INFO] IPUIPlugin:80 - create IPUIPlugin
2025-10-02 14:27:49,109 [INFO] PluginManager:220 - loadIPPluginJar : add i2c
2025-10-02 14:27:49,110 [INFO] IPUIPlugin:80 - create IPUIPlugin
2025-10-02 14:27:49,111 [INFO] PluginManager:220 - loadIPPluginJar : add i2s
2025-10-02 14:27:49,113 [INFO] IPUIPlugin:80 - create IPUIPlugin
2025-10-02 14:27:49,114 [INFO] PluginManager:220 - loadIPPluginJar : add i3c
2025-10-02 14:27:49,116 [INFO] IPUIPlugin:80 - create IPUIPlugin
2025-10-02 14:27:49,116 [INFO] PluginManager:220 - loadIPPluginJar : add ipddr
2025-10-02 14:27:49,123 [INFO] IPUIPlugin:80 - create IPUIPlugin
2025-10-02 14:27:49,124 [INFO] PluginManager:220 - loadIPPluginJar : add linkedlist
2025-10-02 14:27:49,128 [INFO] IPUIPlugin:80 - create IPUIPlugin
2025-10-02 14:27:49,128 [INFO] PluginManager:220 - loadIPPluginJar : add lorawan
2025-10-02 14:27:49,129 [INFO] IPUIPlugin:80 - create IPUIPlugin
2025-10-02 14:27:49,129 [INFO] PluginManager:220 - loadIPPluginJar : add ltdc
2025-10-02 14:27:49,133 [INFO] IPUIPlugin:80 - create IPUIPlugin
2025-10-02 14:27:49,134 [INFO] PluginManager:220 - loadIPPluginJar : add mdma
2025-10-02 14:27:49,136 [INFO] IPUIPlugin:80 - create IPUIPlugin
2025-10-02 14:27:49,136 [INFO] PluginManager:220 - loadIPPluginJar : add nvic
2025-10-02 14:27:49,140 [INFO] IPUIPlugin:80 - create IPUIPlugin
2025-10-02 14:27:49,140 [INFO] PluginManager:220 - loadIPPluginJar : add opamp
2025-10-02 14:27:49,143 [INFO] IPUIPlugin:80 - create IPUIPlugin
2025-10-02 14:27:49,143 [INFO] PluginManager:220 - loadIPPluginJar : add openamp
2025-10-02 14:27:49,146 [INFO] IPUIPlugin:80 - create IPUIPlugin
2025-10-02 14:27:49,146 [INFO] PluginManager:220 - loadIPPluginJar : add pdm2pcm
2025-10-02 14:27:49,151 [INFO] IPUIPlugin:80 - create IPUIPlugin
2025-10-02 14:27:49,153 [INFO] PluginManager:220 - loadIPPluginJar : add plateformsettings
2025-10-02 14:27:49,154 [INFO] IPUIPlugin:80 - create IPUIPlugin
2025-10-02 14:27:49,155 [INFO] PluginManager:220 - loadIPPluginJar : add quadspi
2025-10-02 14:27:49,156 [INFO] IPUIPlugin:80 - create IPUIPlugin
2025-10-02 14:27:49,156 [INFO] PluginManager:220 - loadIPPluginJar : add radio
2025-10-02 14:27:49,158 [INFO] IPUIPlugin:80 - create IPUIPlugin
2025-10-02 14:27:49,158 [INFO] PluginManager:220 - loadIPPluginJar : add resmgrutility
2025-10-02 14:27:49,160 [INFO] IPUIPlugin:80 - create IPUIPlugin
2025-10-02 14:27:49,160 [INFO] PluginManager:220 - loadIPPluginJar : add sai
2025-10-02 14:27:49,161 [INFO] IPUIPlugin:80 - create IPUIPlugin
2025-10-02 14:27:49,161 [INFO] PluginManager:220 - loadIPPluginJar : add spi
2025-10-02 14:27:49,166 [INFO] IPUIPlugin:80 - create IPUIPlugin
2025-10-02 14:27:49,166 [INFO] PluginManager:220 - loadIPPluginJar : add stm32_wpan
2025-10-02 14:27:49,167 [INFO] IPUIPlugin:80 - create IPUIPlugin
2025-10-02 14:27:49,167 [INFO] PluginManager:220 - loadIPPluginJar : add tim
2025-10-02 14:27:49,169 [INFO] IPUIPlugin:80 - create IPUIPlugin
2025-10-02 14:27:49,169 [INFO] PluginManager:220 - loadIPPluginJar : add touchsensing
2025-10-02 14:27:49,171 [INFO] IPUIPlugin:80 - create IPUIPlugin
2025-10-02 14:27:49,171 [INFO] PluginManager:220 - loadIPPluginJar : add tracer_emb
2025-10-02 14:27:49,172 [INFO] IPUIPlugin:80 - create IPUIPlugin
2025-10-02 14:27:49,172 [INFO] PluginManager:220 - loadIPPluginJar : add ts
2025-10-02 14:27:49,173 [INFO] IPUIPlugin:80 - create IPUIPlugin
2025-10-02 14:27:49,173 [INFO] PluginManager:220 - loadIPPluginJar : add tsc
2025-10-02 14:27:49,174 [INFO] IPUIPlugin:80 - create IPUIPlugin
2025-10-02 14:27:49,174 [INFO] PluginManager:220 - loadIPPluginJar : add ucpd
2025-10-02 14:27:49,175 [INFO] IPUIPlugin:80 - create IPUIPlugin
2025-10-02 14:27:49,176 [INFO] PluginManager:220 - loadIPPluginJar : add usart
2025-10-02 14:27:49,178 [INFO] IPUIPlugin:80 - create IPUIPlugin
2025-10-02 14:27:49,178 [INFO] PluginManager:220 - loadIPPluginJar : add usbx
2025-10-02 14:27:49,288 [FATAL] Updater:351 - Updater called before beeing initialized
2025-10-02 14:27:49,309 [INFO] RulesReader:64 - Compatibility file has been processed (317 Rules)
2025-10-02 14:27:49,322 [INFO] RulesReader:64 - Compatibility file has been processed (317 Rules)
2025-10-02 14:27:49,335 [INFO] CADModel:165 - CPN selected for project level
2025-10-02 14:27:49,335 [INFO] CADModel:114 - Register for checkConnection events
2025-10-02 14:27:49,335 [FATAL] Updater:351 - Updater called before beeing initialized
2025-10-02 14:27:49,335 [ERROR] CADModel:125 - Updater not yet initialized, retry later 
2025-10-02 14:27:49,470 [FATAL] Updater:351 - Updater called before beeing initialized
2025-10-02 14:27:49,471 [INFO] CADModel:165 - CPN selected for project level
2025-10-02 14:27:49,472 [INFO] CADModel:114 - Register for checkConnection events
2025-10-02 14:27:49,472 [FATAL] Updater:351 - Updater called before beeing initialized
2025-10-02 14:27:49,472 [ERROR] CADModel:125 - Updater not yet initialized, retry later 
2025-10-02 14:27:49,474 [FATAL] Updater:351 - Updater called before beeing initialized
2025-10-02 14:27:49,552 [FATAL] Updater:351 - Updater called before beeing initialized
2025-10-02 14:27:49,555 [INFO] DbMcusAds:53 - JSON generation date=Tue Jul 08 04:14:23 EDT 2025 (1751962463541)
2025-10-02 14:27:49,555 [FATAL] Updater:351 - Updater called before beeing initialized
2025-10-02 14:27:49,578 [WARN] DetailPanel:346 - Failed to get advertising image, set to default
2025-10-02 14:27:49,637 [FATAL] Updater:351 - Updater called before beeing initialized
2025-10-02 14:27:49,638 [FATAL] Updater:351 - Updater called before beeing initialized
2025-10-02 14:27:49,638 [FATAL] Updater:351 - Updater called before beeing initialized
2025-10-02 14:27:49,638 [WARN] DetailPanel:346 - Failed to get advertising image, set to default
2025-10-02 14:27:49,640 [FATAL] Updater:351 - Updater called before beeing initialized
2025-10-02 14:27:49,676 [ERROR] Updater:1198 - MainUpdater not yet initialized. External WinMGr cannot be set.
2025-10-02 14:27:49,677 [INFO] Updater:1134 - Updater Version found : 6.15.0
2025-10-02 14:27:49,690 [INFO] ApplicationProperties:184 - Using Application install path: C:\ST\STM32CubeIDE_1.19.0\STM32CubeIDE\plugins\com.st.stm32cube.common.mx_6.15.0.202507011659
2025-10-02 14:27:51,258 [ERROR] LogOutputStream:75 - [STDERR_REDIRECT] Oct 02, 2025 2:27:51 PM java.util.prefs.WindowsPreferences <init>
2025-10-02 14:27:51,259 [ERROR] LogOutputStream:75 - [STDERR_REDIRECT] WARNING: Could not open/create prefs root node Software\JavaSoft\Prefs at root 0xffffffff80000002. Windows RegCreateKeyEx(...) returned error code 5.
2025-10-02 14:27:51,259 [ERROR] LogOutputStream:75 - [STDERR_REDIRECT] 
2025-10-02 14:27:51,539 [INFO] MainUpdater:2872 - connection check result : 10
2025-10-02 14:27:51,539 [INFO] MainUpdater:289 - Updater Check For Update Now.
2025-10-02 14:27:51,540 [INFO] MicroXplorer:498 - Change Database Version : DB.6.0.150
2025-10-02 14:27:51,559 [INFO] McuFinderGlobals:63 - Set McuFinder mode to 2 (CubeIDE integrated)
2025-10-02 14:27:51,560 [INFO] UserAuth:487 - Internet connection configuration mode: 1
2025-10-02 14:27:51,596 [INFO] JxBrowserEngine:152 - Initiate JxBrowser Engine with user profile folder
2025-10-02 14:27:51,640 [WARN] MainUpdater:1193 - Updater busy. Cannot search thirdparties
2025-10-02 14:27:51,640 [INFO] ThirdPartyUpdaterWithRetryManager:96 - Updater plugin is busy. [1/15]
2025-10-02 14:27:51,708 [INFO] CheckServerUpdateThread:120 - End of CheckServer Thread
2025-10-02 14:27:52,417 [INFO] WebApp:169 - Instantiating new browser for Auth
2025-10-02 14:27:52,961 [INFO] WebApp:463 - Apply proxy settings
2025-10-02 14:27:52,961 [INFO] WebApp:548 - Chromium requires no authentication
2025-10-02 14:27:53,015 [INFO] WebApp:491 - Direct internet connection detected
2025-10-02 14:27:53,092 [INFO] WebApp:900 - Register for checkConnection events
2025-10-02 14:27:53,092 [INFO] WebApp:463 - Apply proxy settings
2025-10-02 14:27:53,092 [INFO] WebApp:548 - Chromium requires no authentication
2025-10-02 14:27:53,092 [INFO] WebApp:491 - Direct internet connection detected
2025-10-02 14:27:53,197 [INFO] WebApp:225 - Starting web application
2025-10-02 14:27:53,197 [INFO] WebApp:593 - Web application path used C:\ST\STM32CubeIDE_1.19.0\STM32CubeIDE\plugins\com.st.stm32cube.common.mx_6.15.0.202507011659\db\plugins\mcufinder\reactClient1\index.html
2025-10-02 14:27:53,247 [INFO] WebApp:191 - Connection restablished
2025-10-02 14:27:53,297 [INFO] UserAuth:487 - Internet connection configuration mode: 1
2025-10-02 14:27:54,783 [WARN] PackLoader:240 - Cannot read IP mode file for STMicroelectronics.FP-SNS-MOTENVWB1.1.4.0
2025-10-02 14:27:54,793 [WARN] PackLoader:240 - Cannot read IP mode file for STMicroelectronics.FP-ATR-ASTRA1.2.0.2
2025-10-02 14:27:54,805 [WARN] PackLoader:240 - Cannot read IP mode file for STMicroelectronics.X-CUBE-SMBUS.2.1.0
2025-10-02 14:27:54,809 [WARN] PackLoader:240 - Cannot read IP mode file for STMicroelectronics.X-CUBE-ST60.1.0.0
2025-10-02 14:27:54,834 [WARN] PackLoader:240 - Cannot read IP mode file for STMicroelectronics.X-CUBE-AZRTOS-F7.1.1.0
2025-10-02 14:27:54,846 [WARN] PackLoader:240 - Cannot read IP mode file for WES.I-CUBE-Cesium.1.4.0
2025-10-02 14:27:54,867 [WARN] PackLoader:240 - Cannot read IP mode file for Infineon.AIROC-Wi-Fi-Bluetooth-STM32.1.7.1
2025-10-02 14:27:54,886 [WARN] PackLoader:240 - Cannot read IP mode file for STMicroelectronics.X-CUBE-AZRTOS-H7.3.4.0
2025-10-02 14:27:54,895 [WARN] PackLoader:240 - Cannot read IP mode file for STMicroelectronics.X-CUBE-DISPLAY.3.0.0
2025-10-02 14:27:54,919 [WARN] PackLoader:240 - Cannot read IP mode file for STMicroelectronics.X-CUBE-NFC10.1.0.0
2025-10-02 14:27:54,925 [WARN] PackLoader:240 - Cannot read IP mode file for emotas.I-CUBE-CANOPEN.1.3.0
2025-10-02 14:27:54,930 [WARN] PackLoader:240 - Cannot read IP mode file for STMicroelectronics.FP-SNS-STBOX1.2.1.0
2025-10-02 14:27:54,934 [WARN] PackLoader:240 - Cannot read IP mode file for STMicroelectronics.FP-SNS-SMARTAG2.1.2.0
2025-10-02 14:27:54,938 [WARN] PackLoader:240 - Cannot read IP mode file for STMicroelectronics.FP-SNS-FLIGHT1.5.1.0
2025-10-02 14:27:54,945 [INFO] LogOutputStream:77 - [STDOUT_REDIRECT] 1 : Invalid condition id : UX_CORESTACK_Condition cause : null
2025-10-02 14:27:54,946 [INFO] LogOutputStream:77 - [STDOUT_REDIRECT] 1 : Invalid condition id : UX_CORESTACK_Condition cause : null
2025-10-02 14:27:54,949 [INFO] LogOutputStream:77 - [STDOUT_REDIRECT] 1 : Invalid condition id : UX_CORESTACK_Condition cause : null
2025-10-02 14:27:54,950 [INFO] LogOutputStream:77 - [STDOUT_REDIRECT] 1 : Invalid condition id : UX_CORESTACK_Condition cause : null
2025-10-02 14:27:54,951 [INFO] LogOutputStream:77 - [STDOUT_REDIRECT] 1 : Invalid condition id : UX_CORESTACK_Condition cause : null
2025-10-02 14:27:54,953 [WARN] PackLoader:240 - Cannot read IP mode file for STMicroelectronics.X-CUBE-AZRTOS-WL.2.0.0
2025-10-02 14:27:54,957 [WARN] PackLoader:240 - Cannot read IP mode file for STMicroelectronics.FP-SNS-MOTENV1.5.0.0
2025-10-02 14:27:54,963 [WARN] PackLoader:240 - Cannot read IP mode file for STMicroelectronics.X-CUBE-BLE2.3.3.0
2025-10-02 14:27:54,968 [WARN] PackLoader:240 - Cannot read IP mode file for STMicroelectronics.X-CUBE-NFC9.1.0.0
2025-10-02 14:27:54,972 [WARN] PackLoader:240 - Cannot read IP mode file for wolfSSL.I-CUBE-wolfSSL.5.8.2
2025-10-02 14:27:54,976 [WARN] PackLoader:240 - Cannot read IP mode file for STMicroelectronics.X-CUBE-BLE1.7.1.0
2025-10-02 14:27:54,979 [WARN] PackLoader:240 - Cannot read IP mode file for wolfSSL.I-CUBE-wolfMQTT.1.19.2
2025-10-02 14:27:54,983 [WARN] PackLoader:240 - Cannot read IP mode file for STMicroelectronics.X-CUBE-EEPRMA1.5.2.0
2025-10-02 14:27:54,993 [WARN] PackLoader:240 - Cannot read IP mode file for STMicroelectronics.X-CUBE-AZRTOS-G0.1.1.0
2025-10-02 14:27:54,997 [WARN] PackLoader:240 - Cannot read IP mode file for STMicroelectronics.X-CUBE-SAFEA1.1.2.2
2025-10-02 14:27:55,001 [WARN] PackLoader:240 - Cannot read IP mode file for STMicroelectronics.X-CUBE-NFC4.3.0.0
2025-10-02 14:27:55,008 [WARN] PackLoader:240 - Cannot read IP mode file for EmbeddedOffice.I-CUBE-FS-RTOS.1.0.1
2025-10-02 14:27:55,012 [WARN] PackLoader:240 - Cannot read IP mode file for STMicroelectronics.X-CUBE-WB05N.2.0.0
2025-10-02 14:27:55,015 [WARN] PackLoader:240 - Cannot read IP mode file for wolfSSL.I-CUBE-wolfTPM.3.8.0
2025-10-02 14:27:55,018 [WARN] PackLoader:240 - Cannot read IP mode file for STMicroelectronics.X-CUBE-TCPP.4.2.0
2025-10-02 14:27:55,023 [WARN] PackLoader:240 - Cannot read IP mode file for RealThread.X-CUBE-RT-Thread_Nano.4.1.1
2025-10-02 14:27:55,026 [WARN] PackLoader:240 - Cannot read IP mode file for STMicroelectronics.FP-ATR-SIGFOX1.3.2.0
2025-10-02 14:27:55,029 [WARN] PackLoader:240 - Cannot read IP mode file for ITTIA_DB.I-CUBE-ITTIADB.8.9.0
2025-10-02 14:27:55,036 [WARN] PackLoader:240 - Cannot read IP mode file for STMicroelectronics.X-CUBE-ST67W61.1.0.0
2025-10-02 14:27:55,039 [WARN] PackLoader:240 - Cannot read IP mode file for STMicroelectronics.X-CUBE-AI.10.2.0
2025-10-02 14:27:55,055 [WARN] PackLoader:240 - Cannot read IP mode file for SEGGER.I-CUBE-embOS.1.3.1
2025-10-02 14:27:55,081 [WARN] PackLoader:240 - Cannot read IP mode file for STMicroelectronics.X-CUBE-ALGOBUILD.1.4.0
2025-10-02 14:27:55,115 [WARN] PackLoader:240 - Cannot read IP mode file for STMicroelectronics.X-CUBE-MEMS1.11.3.0
2025-10-02 14:27:55,231 [WARN] PackLoader:240 - Cannot read IP mode file for STMicroelectronics.X-CUBE-PM33A1.1.0.0
2025-10-02 14:27:55,238 [WARN] PackLoader:240 - Cannot read IP mode file for STMicroelectronics.X-CUBE-AZRTOS-F4.1.1.0
2025-10-02 14:27:55,243 [WARN] PackLoader:240 - Cannot read IP mode file for Avnet-IotConnect.X-CUBE-IoTC-DA16k-PMOD.1.0.0
2025-10-02 14:27:55,246 [WARN] PackLoader:240 - Cannot read IP mode file for STMicroelectronics.X-CUBE-ISPU.2.1.0
2025-10-02 14:27:55,249 [WARN] PackLoader:240 - Cannot read IP mode file for STMicroelectronics.X-CUBE-NFC12.1.0.0
2025-10-02 14:27:55,257 [WARN] PackLoader:240 - Cannot read IP mode file for STMicroelectronics.X-CUBE-AZRTOS-L5.2.0.0
2025-10-02 14:27:55,263 [WARN] PackLoader:240 - Cannot read IP mode file for STMicroelectronics.X-CUBE-NFC6.3.1.0
2025-10-02 14:27:55,267 [WARN] PackLoader:240 - Cannot read IP mode file for STMicroelectronics.X-CUBE-FREERTOS.1.3.1
2025-10-02 14:27:55,273 [WARN] PackLoader:240 - Cannot read IP mode file for STMicroelectronics.X-CUBE-TOUCHGFX.4.26.0
2025-10-02 14:27:55,277 [WARN] PackLoader:240 - Cannot read IP mode file for STMicroelectronics.FP-SNS-STAIOTCFT.1.0.0
2025-10-02 14:27:55,280 [WARN] PackLoader:240 - Cannot read IP mode file for STMicroelectronics.X-CUBE-DPower.1.3.0
2025-10-02 14:27:55,292 [WARN] ConditionMgr:438 - getConditionDescription Invalid condition id : LAN8742 Phy interface Condition cause : null
2025-10-02 14:27:55,292 [WARN] PackLoader:240 - Cannot read IP mode file for STMicroelectronics.X-CUBE-AZRTOS-L4.2.0.0
2025-10-02 14:27:55,293 [WARN] ConditionMgr:1044 - genDependencies : Invalid condition id : LAN8742 Phy interface Condition cause : null
2025-10-02 14:27:55,293 [WARN] ConditionMgr:1044 - genDependencies : Invalid condition id : LAN8742 Phy interface Condition cause : null
2025-10-02 14:27:55,293 [WARN] ConditionMgr:1044 - genDependencies : Invalid condition id : LAN8742 Phy interface Condition cause : null
2025-10-02 14:27:55,298 [WARN] PackLoader:240 - Cannot read IP mode file for STMicroelectronics.X-CUBE-SFXS2LP1.4.0.0
2025-10-02 14:27:55,303 [WARN] PackLoader:240 - Cannot read IP mode file for STMicroelectronics.X-CUBE-BLEMGR.4.1.0
2025-10-02 14:27:55,312 [WARN] ConditionMgr:438 - getConditionDescription Invalid condition id : UX DEVICE CLASS RTOS Condition cause : null
2025-10-02 14:27:55,313 [WARN] ConditionMgr:438 - getConditionDescription Invalid condition id : UX DEVICE CLASS RTOS Condition cause : null
2025-10-02 14:27:55,313 [WARN] PackLoader:240 - Cannot read IP mode file for STMicroelectronics.X-CUBE-AZRTOS-WB.2.0.0
2025-10-02 14:27:55,314 [WARN] ConditionMgr:1044 - genDependencies : Invalid condition id : UX DEVICE CLASS RTOS Condition cause : null
2025-10-02 14:27:55,314 [WARN] ConditionMgr:1044 - genDependencies : Invalid condition id : UX DEVICE CLASS RTOS Condition cause : null
2025-10-02 14:27:55,314 [WARN] ConditionMgr:1044 - genDependencies : Invalid condition id : UX DEVICE CLASS RTOS Condition cause : null
2025-10-02 14:27:55,314 [WARN] ConditionMgr:1044 - genDependencies : Invalid condition id : UX DEVICE CLASS RTOS Condition cause : null
2025-10-02 14:27:55,314 [WARN] ConditionMgr:1044 - genDependencies : Invalid condition id : UX DEVICE CLASS RTOS Condition cause : null
2025-10-02 14:27:55,317 [WARN] PackLoader:240 - Cannot read IP mode file for STMicroelectronics.X-CUBE-GNSS1.7.0.1
2025-10-02 14:27:55,319 [WARN] PackLoader:240 - Cannot read IP mode file for STMicroelectronics.X-CUBE-TOUCHGFX.4.25.0
2025-10-02 14:27:55,321 [WARN] ConditionMgr:438 - getConditionDescription Invalid condition id : Cortex-A Device cause : null
2025-10-02 14:27:55,336 [WARN] ConditionMgr:1044 - genDependencies : Invalid condition id : Cortex-A Device cause : null
2025-10-02 14:27:55,336 [WARN] ConditionMgr:1044 - genDependencies : Invalid condition id : Cortex-A Device cause : null
2025-10-02 14:27:55,337 [WARN] ConditionMgr:1044 - genDependencies : Invalid condition id : Cortex-A Device cause : null
2025-10-02 14:27:55,343 [WARN] PackLoader:240 - Cannot read IP mode file for STMicroelectronics.X-CUBE-SUBG2.5.0.0
2025-10-02 14:27:55,360 [WARN] PackLoader:240 - Cannot read IP mode file for STMicroelectronics.X-CUBE-AZRTOS-H7RS.1.1.0
2025-10-02 14:27:55,364 [WARN] PackLoader:240 - Cannot read IP mode file for Cesanta.I-CUBE-Mongoose.7.13.0
2025-10-02 14:27:55,376 [WARN] PackLoader:240 - Cannot read IP mode file for STMicroelectronics.X-CUBE-AZRTOS-G4.2.0.0
2025-10-02 14:27:55,379 [WARN] PackLoader:240 - Cannot read IP mode file for wolfSSL.I-CUBE-wolfSSH.1.4.20
2025-10-02 14:27:55,382 [WARN] PackLoader:240 - Cannot read IP mode file for STMicroelectronics.X-CUBE-NFC7.2.0.0
2025-10-02 14:27:55,392 [WARN] PackLoader:240 - Cannot read IP mode file for STMicroelectronics.X-CUBE-IPS.3.1.0
2025-10-02 14:27:55,398 [WARN] PackLoader:240 - Cannot read IP mode file for STMicroelectronics.X-CUBE-ALS.1.0.2
2025-10-02 14:27:55,402 [WARN] PackLoader:240 - Cannot read IP mode file for STMicroelectronics.X-CUBE-STSE01.1.0.0
2025-10-02 14:27:55,409 [WARN] PackLoader:240 - Cannot read IP mode file for STMicroelectronics.X-CUBE-TOF1.3.4.3
2025-10-02 14:27:55,416 [INFO] ThirdParty:978 - Integrity check success = true
2025-10-02 14:27:55,416 [INFO] IntegrityCheckThread:100 - exiting critical section [integrity check]
2025-10-02 14:27:55,416 [INFO] IntegrityCheckThread:103 - End integrity checks thread
2025-10-02 14:33:48,321 [INFO] WebApp:194 - Connection lost
2025-10-02 20:10:22,319 [INFO] WebApp:191 - Connection restablished
2025-10-02 20:10:32,722 [INFO] WebApp:194 - Connection lost
2025-10-02 20:10:32,888 [INFO] WebApp:191 - Connection restablished
2025-10-02 20:10:33,275 [INFO] WebApp:194 - Connection lost
2025-10-02 20:10:33,566 [INFO] WebApp:191 - Connection restablished
