2025-11-13 13:32:36,149 [INFO] Activator:176 - 


2025-11-13 13:32:36,155 [INFO] Activator:177 - !SESSION log4j initialized
2025-11-13 13:32:42,054 [INFO] LogOutputStream:77 - [STDOUT_REDIRECT] 
2025-11-13 13:32:44,004 [INFO] ApplicationProperties:184 - Using Application install path: C:\ST\STM32CubeIDE_1.19.0\STM32CubeIDE\plugins\com.st.stm32cube.common.mx_6.15.0.202507011659
2025-11-13 13:32:44,024 [INFO] DbMcusXml:78 - Set database path to: C:\ST\STM32CubeIDE_1.19.0\STM32CubeIDE\plugins\com.st.stm32cube.common.mx_6.15.0.202507011659\\db\/mcu/
2025-11-13 13:32:44,025 [INFO] ApiDb:274 - Set plugin database path to: C:\ST\STM32CubeIDE_1.19.0\STM32CubeIDE\plugins\com.st.stm32cube.common.mx_6.15.0.202507011659\\db\/plugins/boardmanager/
2025-11-13 13:32:44,026 [WARN] ApiDb:259 - Overriding images path with different value:  => C:\ST\STM32CubeIDE_1.19.0\STM32CubeIDE\plugins\com.st.stm32cube.common.mx_6.15.0.202507011659\\db\/plugins/mcufinder/images/
2025-11-13 13:32:44,039 [INFO] ApiDb:250 - Set database path to: C:\Users\rafae\.stmcufinder\plugins\mcufinder//mcu/
2025-11-13 13:32:44,043 [INFO] DbMcusAds:125 - Set database path to: C:\Users\rafae\.stmcufinder\plugins\mcufinder//mcu/
2025-11-13 13:32:44,047 [INFO] CrossReferenceDbSqlite:203 - Set database path to: C:\Users\rafae\.stmcufinder\plugins\mcufinder//mcu/cs/
2025-11-13 13:32:44,192 [INFO] RulesReader:64 - Compatibility file has been processed (317 Rules)
2025-11-13 13:32:44,285 [INFO] DbMcusXml:78 - Set database path to: C:\ST\STM32CubeIDE_1.19.0\STM32CubeIDE\plugins\com.st.stm32cube.common.mx_6.15.0.202507011659\\db\/mcu/
2025-11-13 13:32:44,286 [INFO] ApiDb:274 - Set plugin database path to: C:\ST\STM32CubeIDE_1.19.0\STM32CubeIDE\plugins\com.st.stm32cube.common.mx_6.15.0.202507011659\\db\/plugins/boardmanager/
2025-11-13 13:32:44,286 [INFO] ApiDb:261 - Set plugin images path to: C:\ST\STM32CubeIDE_1.19.0\STM32CubeIDE\plugins\com.st.stm32cube.common.mx_6.15.0.202507011659\\db\/plugins/mcufinder/images/
2025-11-13 13:32:44,286 [WARN] DbFile:41 - Overriding database path with different value: C:\Users\rafae\.stmcufinder\plugins\mcufinder/ => C:\Users\rafae\.stmcufinder\plugins\mcufinder
2025-11-13 13:32:44,286 [INFO] ApiDb:250 - Set database path to: C:\Users\rafae\.stmcufinder\plugins\mcufinder//mcu/
2025-11-13 13:32:44,286 [WARN] DbFile:41 - Overriding database path with different value: C:\Users\rafae\.stmcufinder\plugins\mcufinder/ => C:\Users\rafae\.stmcufinder\plugins\mcufinder
2025-11-13 13:32:44,286 [INFO] DbMcusAds:125 - Set database path to: C:\Users\rafae\.stmcufinder\plugins\mcufinder//mcu/
2025-11-13 13:32:44,286 [WARN] DbFile:41 - Overriding database path with different value: C:\Users\rafae\.stmcufinder\plugins\mcufinder/ => C:\Users\rafae\.stmcufinder\plugins\mcufinder
2025-11-13 13:32:44,286 [WARN] DbFile:41 - Overriding database path with different value: C:\Users\rafae\.stmcufinder\plugins\mcufinder/ => C:\Users\rafae\.stmcufinder\plugins\mcufinder
2025-11-13 13:32:44,287 [INFO] CrossReferenceDbSqlite:203 - Set database path to: C:\Users\rafae\.stmcufinder\plugins\mcufinder//mcu/cs/
2025-11-13 13:32:44,366 [INFO] MainPanel:274 - HeapMemory: 268435456
2025-11-13 13:32:44,482 [INFO] DbMcusXml:78 - Set database path to: C:\ST\STM32CubeIDE_1.19.0\STM32CubeIDE\plugins\com.st.stm32cube.common.mx_6.15.0.202507011659\\db\/mcu/
2025-11-13 13:32:44,482 [INFO] ApiDb:274 - Set plugin database path to: C:\ST\STM32CubeIDE_1.19.0\STM32CubeIDE\plugins\com.st.stm32cube.common.mx_6.15.0.202507011659\\db\/plugins/boardmanager/
2025-11-13 13:32:44,482 [INFO] ApiDb:261 - Set plugin images path to: C:\ST\STM32CubeIDE_1.19.0\STM32CubeIDE\plugins\com.st.stm32cube.common.mx_6.15.0.202507011659\\db\/plugins/mcufinder/images/
2025-11-13 13:32:44,482 [WARN] DbFile:41 - Overriding database path with different value: C:\Users\rafae\.stmcufinder\plugins\mcufinder/ => C:\Users\rafae\.stmcufinder\plugins\mcufinder
2025-11-13 13:32:44,482 [INFO] ApiDb:250 - Set database path to: C:\Users\rafae\.stmcufinder\plugins\mcufinder//mcu/
2025-11-13 13:32:44,482 [WARN] DbFile:41 - Overriding database path with different value: C:\Users\rafae\.stmcufinder\plugins\mcufinder/ => C:\Users\rafae\.stmcufinder\plugins\mcufinder
2025-11-13 13:32:44,482 [INFO] DbMcusAds:125 - Set database path to: C:\Users\rafae\.stmcufinder\plugins\mcufinder//mcu/
2025-11-13 13:32:44,482 [WARN] DbFile:41 - Overriding database path with different value: C:\Users\rafae\.stmcufinder\plugins\mcufinder/ => C:\Users\rafae\.stmcufinder\plugins\mcufinder
2025-11-13 13:32:44,484 [WARN] DbFile:41 - Overriding database path with different value: C:\Users\rafae\.stmcufinder\plugins\mcufinder/ => C:\Users\rafae\.stmcufinder\plugins\mcufinder
2025-11-13 13:32:44,484 [INFO] CrossReferenceDbSqlite:203 - Set database path to: C:\Users\rafae\.stmcufinder\plugins\mcufinder//mcu/cs/
2025-11-13 13:32:44,503 [INFO] ApplicationProperties:184 - Using Application install path: C:\ST\STM32CubeIDE_1.19.0\STM32CubeIDE\plugins\com.st.stm32cube.common.mx_6.15.0.202507011659
2025-11-13 13:32:44,504 [INFO] PluginManage:196 - Search for loadable plugins [exclusion list=, ]
2025-11-13 13:32:44,506 [INFO] PluginManage:310 - Check plugin analytics
2025-11-13 13:32:44,688 [INFO] AnalyticsPlugin:253 - Accepted Software Licenses: 
2025-11-13 13:32:44,689 [INFO] AnalyticsPlugin:255 - Accepted CMSIS Pack Licenses: 
2025-11-13 13:32:44,689 [INFO] AnalyticsPlugin:257 - Accepted Firmware Licenses: FW.L4.1.18.0
2025-11-13 13:32:44,693 [INFO] PluginManage:359 - Loaded plugin analytics (category:tool,tabindex:-1)
2025-11-13 13:32:44,693 [INFO] PluginManage:310 - Check plugin cadmodel
2025-11-13 13:32:44,701 [INFO] CADModel:105 - Init CAD model plugin
2025-11-13 13:32:44,701 [INFO] PluginManage:359 - Loaded plugin cadmodel (category:power,tabindex:5)
2025-11-13 13:32:44,702 [INFO] PluginManage:310 - Check plugin clock
2025-11-13 13:32:44,712 [INFO] PluginManage:359 - Loaded plugin clock (category:base,tabindex:2)
2025-11-13 13:32:44,713 [INFO] PluginManage:310 - Check plugin ddr
2025-11-13 13:32:44,715 [INFO] PluginManage:359 - Loaded plugin ddr (category:tool,tabindex:6)
2025-11-13 13:32:44,716 [INFO] PluginManage:310 - Check plugin filemanager
2025-11-13 13:32:44,865 [INFO] PluginManage:359 - Loaded plugin filemanager (category:base,tabindex:10)
2025-11-13 13:32:44,865 [INFO] PluginManage:310 - Check plugin ipmanager
2025-11-13 13:32:44,872 [INFO] PluginManage:359 - Loaded plugin ipmanager (category:base,tabindex:5)
2025-11-13 13:32:44,872 [INFO] PluginManage:310 - Check plugin lpbam
2025-11-13 13:32:44,881 [INFO] PluginManage:359 - Loaded plugin lpbam (category:base,tabindex:0)
2025-11-13 13:32:44,881 [INFO] PluginManage:310 - Check plugin memorymap
2025-11-13 13:32:44,898 [INFO] PluginManage:359 - Loaded plugin memorymap (category:base,tabindex:4)
2025-11-13 13:32:44,898 [INFO] PluginManage:310 - Check plugin pinoutandconfiguration
2025-11-13 13:32:44,907 [INFO] PluginManage:359 - Loaded plugin pinoutandconfiguration (category:base,tabindex:1)
2025-11-13 13:32:44,907 [INFO] PluginManage:310 - Check plugin pinoutconfig
2025-11-13 13:32:44,993 [WARN] SupportedApi:132 - Cannot load RTOS API schema: s4s-elt-must-match.1: The content of 'definitions' must match (annotation?, (simpleType | complexType)?, (unique | key | keyref)*)). A problem was found starting at: attribute.
2025-11-13 13:32:45,150 [INFO] PluginManage:359 - Loaded plugin pinoutconfig (category:base,tabindex:0)
2025-11-13 13:32:45,150 [INFO] PluginManage:310 - Check plugin power
2025-11-13 13:32:45,162 [INFO] PluginManage:359 - Loaded plugin power (category:power,tabindex:4)
2025-11-13 13:32:45,162 [INFO] PluginManage:310 - Check plugin projectmanager
2025-11-13 13:32:45,177 [INFO] PluginManage:359 - Loaded plugin projectmanager (category:projectmanager,tabindex:4)
2025-11-13 13:32:45,177 [INFO] PluginManage:310 - Check plugin rif
2025-11-13 13:32:45,190 [INFO] PluginManage:359 - Loaded plugin rif (category:base,tabindex:3)
2025-11-13 13:32:45,190 [INFO] PluginManage:310 - Check plugin thirdparty
2025-11-13 13:32:45,362 [INFO] PluginManage:359 - Loaded plugin thirdparty (category:base,tabindex:-1)
2025-11-13 13:32:45,362 [INFO] PluginManage:310 - Check plugin tools
2025-11-13 13:32:45,362 [WARN] IntegrityCheckThread:84 - waiting for thirdparty lock release [integrity check]
2025-11-13 13:32:45,362 [INFO] IntegrityCheckThread:86 - entering critical section [integrity check]
2025-11-13 13:32:45,364 [INFO] ThirdPartyUpdaterWithRetryManager:70 - Updater plugin not ready yet. [1/15]
2025-11-13 13:32:45,365 [INFO] PluginManage:359 - Loaded plugin tools (category:base,tabindex:7)
2025-11-13 13:32:45,365 [INFO] PluginManage:310 - Check plugin tutovideos
2025-11-13 13:32:45,626 [INFO] PluginManage:359 - Loaded plugin tutovideos (category:base,tabindex:-1)
2025-11-13 13:32:45,626 [INFO] PluginManage:310 - Check plugin updater
2025-11-13 13:32:45,650 [INFO] PluginManage:359 - Loaded plugin updater (category:base,tabindex:12)
2025-11-13 13:32:45,651 [INFO] PluginManage:310 - Check plugin userauth
2025-11-13 13:32:45,658 [INFO] UserAuth:118 - Init User Auth plugin
2025-11-13 13:32:45,659 [INFO] PluginManage:359 - Loaded plugin userauth (category:base,tabindex:14)
2025-11-13 13:32:45,660 [INFO] PluginManage:283 - PluginManage : Loaded plugins [18]
2025-11-13 13:32:45,986 [INFO] PinOutPanel:1589 - setPackage(No Configuration,No Configuration)
2025-11-13 13:32:46,080 [INFO] CADModel:165 - CPN selected for project level
2025-11-13 13:32:46,080 [INFO] CADModel:114 - Register for checkConnection events
2025-11-13 13:32:46,106 [INFO] IPUIPlugin:80 - create IPUIPlugin
2025-11-13 13:32:46,106 [INFO] PluginManager:220 - loadIPPluginJar : add adc
2025-11-13 13:32:46,111 [INFO] IPUIPlugin:80 - create IPUIPlugin
2025-11-13 13:32:46,111 [INFO] PluginManager:220 - loadIPPluginJar : add aes
2025-11-13 13:32:46,115 [INFO] IPUIPlugin:80 - create IPUIPlugin
2025-11-13 13:32:46,115 [INFO] PluginManager:220 - loadIPPluginJar : add can
2025-11-13 13:32:46,117 [INFO] IPUIPlugin:80 - create IPUIPlugin
2025-11-13 13:32:46,117 [INFO] PluginManager:220 - loadIPPluginJar : add comp
2025-11-13 13:32:46,120 [INFO] IPUIPlugin:80 - create IPUIPlugin
2025-11-13 13:32:46,120 [INFO] PluginManager:220 - loadIPPluginJar : add cryp
2025-11-13 13:32:46,125 [INFO] IPUIPlugin:80 - create IPUIPlugin
2025-11-13 13:32:46,126 [INFO] PluginManager:220 - loadIPPluginJar : add ddr_ctrl_phy
2025-11-13 13:32:46,129 [INFO] IPUIPlugin:80 - create IPUIPlugin
2025-11-13 13:32:46,129 [INFO] PluginManager:220 - loadIPPluginJar : add dfsdm
2025-11-13 13:32:46,137 [INFO] IPUIPlugin:80 - create IPUIPlugin
2025-11-13 13:32:46,137 [INFO] PluginManager:220 - loadIPPluginJar : add dma
2025-11-13 13:32:46,142 [INFO] IPUIPlugin:80 - create IPUIPlugin
2025-11-13 13:32:46,142 [INFO] PluginManager:220 - loadIPPluginJar : add dma3
2025-11-13 13:32:46,147 [INFO] IPUIPlugin:80 - create IPUIPlugin
2025-11-13 13:32:46,147 [INFO] PluginManager:220 - loadIPPluginJar : add extmemmanager
2025-11-13 13:32:46,149 [INFO] IPUIPlugin:80 - create IPUIPlugin
2025-11-13 13:32:46,149 [INFO] PluginManager:220 - loadIPPluginJar : add fatfs
2025-11-13 13:32:46,154 [INFO] IPUIPlugin:80 - create IPUIPlugin
2025-11-13 13:32:46,154 [INFO] PluginManager:220 - loadIPPluginJar : add fmc
2025-11-13 13:32:46,162 [INFO] IPUIPlugin:80 - create IPUIPlugin
2025-11-13 13:32:46,163 [INFO] PluginManager:220 - loadIPPluginJar : add freertos
2025-11-13 13:32:46,165 [INFO] IPUIPlugin:80 - create IPUIPlugin
2025-11-13 13:32:46,165 [INFO] PluginManager:220 - loadIPPluginJar : add genericplugin
2025-11-13 13:32:46,167 [INFO] IPUIPlugin:80 - create IPUIPlugin
2025-11-13 13:32:46,167 [INFO] PluginManager:220 - loadIPPluginJar : add gfxmmu
2025-11-13 13:32:46,172 [INFO] IPUIPlugin:80 - create IPUIPlugin
2025-11-13 13:32:46,172 [INFO] PluginManager:220 - loadIPPluginJar : add gic
2025-11-13 13:32:46,177 [INFO] IPUIPlugin:80 - create IPUIPlugin
2025-11-13 13:32:46,177 [INFO] PluginManager:220 - loadIPPluginJar : add gpio
2025-11-13 13:32:46,180 [INFO] IPUIPlugin:80 - create IPUIPlugin
2025-11-13 13:32:46,181 [INFO] PluginManager:220 - loadIPPluginJar : add gtzc
2025-11-13 13:32:46,182 [INFO] IPUIPlugin:80 - create IPUIPlugin
2025-11-13 13:32:46,183 [INFO] PluginManager:220 - loadIPPluginJar : add hash
2025-11-13 13:32:46,186 [INFO] IPUIPlugin:80 - create IPUIPlugin
2025-11-13 13:32:46,186 [INFO] PluginManager:220 - loadIPPluginJar : add i2c
2025-11-13 13:32:46,189 [INFO] IPUIPlugin:80 - create IPUIPlugin
2025-11-13 13:32:46,190 [INFO] PluginManager:220 - loadIPPluginJar : add i2s
2025-11-13 13:32:46,192 [INFO] IPUIPlugin:80 - create IPUIPlugin
2025-11-13 13:32:46,193 [INFO] PluginManager:220 - loadIPPluginJar : add i3c
2025-11-13 13:32:46,197 [INFO] IPUIPlugin:80 - create IPUIPlugin
2025-11-13 13:32:46,197 [INFO] PluginManager:220 - loadIPPluginJar : add ipddr
2025-11-13 13:32:46,203 [INFO] IPUIPlugin:80 - create IPUIPlugin
2025-11-13 13:32:46,204 [INFO] PluginManager:220 - loadIPPluginJar : add linkedlist
2025-11-13 13:32:46,208 [INFO] IPUIPlugin:80 - create IPUIPlugin
2025-11-13 13:32:46,209 [INFO] PluginManager:220 - loadIPPluginJar : add lorawan
2025-11-13 13:32:46,210 [INFO] IPUIPlugin:80 - create IPUIPlugin
2025-11-13 13:32:46,211 [INFO] PluginManager:220 - loadIPPluginJar : add ltdc
2025-11-13 13:32:46,217 [INFO] IPUIPlugin:80 - create IPUIPlugin
2025-11-13 13:32:46,217 [INFO] PluginManager:220 - loadIPPluginJar : add mdma
2025-11-13 13:32:46,221 [INFO] IPUIPlugin:80 - create IPUIPlugin
2025-11-13 13:32:46,221 [INFO] PluginManager:220 - loadIPPluginJar : add nvic
2025-11-13 13:32:46,225 [INFO] IPUIPlugin:80 - create IPUIPlugin
2025-11-13 13:32:46,225 [INFO] PluginManager:220 - loadIPPluginJar : add opamp
2025-11-13 13:32:46,229 [INFO] IPUIPlugin:80 - create IPUIPlugin
2025-11-13 13:32:46,229 [INFO] PluginManager:220 - loadIPPluginJar : add openamp
2025-11-13 13:32:46,232 [INFO] IPUIPlugin:80 - create IPUIPlugin
2025-11-13 13:32:46,232 [INFO] PluginManager:220 - loadIPPluginJar : add pdm2pcm
2025-11-13 13:32:46,239 [INFO] IPUIPlugin:80 - create IPUIPlugin
2025-11-13 13:32:46,241 [INFO] PluginManager:220 - loadIPPluginJar : add plateformsettings
2025-11-13 13:32:46,243 [INFO] IPUIPlugin:80 - create IPUIPlugin
2025-11-13 13:32:46,244 [INFO] PluginManager:220 - loadIPPluginJar : add quadspi
2025-11-13 13:32:46,246 [INFO] IPUIPlugin:80 - create IPUIPlugin
2025-11-13 13:32:46,247 [INFO] PluginManager:220 - loadIPPluginJar : add radio
2025-11-13 13:32:46,253 [INFO] IPUIPlugin:80 - create IPUIPlugin
2025-11-13 13:32:46,253 [INFO] PluginManager:220 - loadIPPluginJar : add resmgrutility
2025-11-13 13:32:46,257 [INFO] IPUIPlugin:80 - create IPUIPlugin
2025-11-13 13:32:46,257 [INFO] PluginManager:220 - loadIPPluginJar : add sai
2025-11-13 13:32:46,261 [INFO] IPUIPlugin:80 - create IPUIPlugin
2025-11-13 13:32:46,262 [INFO] PluginManager:220 - loadIPPluginJar : add spi
2025-11-13 13:32:46,270 [INFO] IPUIPlugin:80 - create IPUIPlugin
2025-11-13 13:32:46,271 [INFO] PluginManager:220 - loadIPPluginJar : add stm32_wpan
2025-11-13 13:32:46,274 [INFO] IPUIPlugin:80 - create IPUIPlugin
2025-11-13 13:32:46,274 [INFO] PluginManager:220 - loadIPPluginJar : add tim
2025-11-13 13:32:46,279 [INFO] IPUIPlugin:80 - create IPUIPlugin
2025-11-13 13:32:46,279 [INFO] PluginManager:220 - loadIPPluginJar : add touchsensing
2025-11-13 13:32:46,281 [INFO] IPUIPlugin:80 - create IPUIPlugin
2025-11-13 13:32:46,281 [INFO] PluginManager:220 - loadIPPluginJar : add tracer_emb
2025-11-13 13:32:46,284 [INFO] IPUIPlugin:80 - create IPUIPlugin
2025-11-13 13:32:46,284 [INFO] PluginManager:220 - loadIPPluginJar : add ts
2025-11-13 13:32:46,286 [INFO] IPUIPlugin:80 - create IPUIPlugin
2025-11-13 13:32:46,286 [INFO] PluginManager:220 - loadIPPluginJar : add tsc
2025-11-13 13:32:46,289 [INFO] IPUIPlugin:80 - create IPUIPlugin
2025-11-13 13:32:46,289 [INFO] PluginManager:220 - loadIPPluginJar : add ucpd
2025-11-13 13:32:46,293 [INFO] IPUIPlugin:80 - create IPUIPlugin
2025-11-13 13:32:46,293 [INFO] PluginManager:220 - loadIPPluginJar : add usart
2025-11-13 13:32:46,298 [INFO] IPUIPlugin:80 - create IPUIPlugin
2025-11-13 13:32:46,298 [INFO] PluginManager:220 - loadIPPluginJar : add usbx
2025-11-13 13:32:46,448 [FATAL] Updater:351 - Updater called before beeing initialized
2025-11-13 13:32:46,483 [INFO] RulesReader:64 - Compatibility file has been processed (317 Rules)
2025-11-13 13:32:46,492 [INFO] RulesReader:64 - Compatibility file has been processed (317 Rules)
2025-11-13 13:32:46,505 [INFO] CADModel:165 - CPN selected for project level
2025-11-13 13:32:46,505 [INFO] CADModel:114 - Register for checkConnection events
2025-11-13 13:32:46,505 [FATAL] Updater:351 - Updater called before beeing initialized
2025-11-13 13:32:46,505 [ERROR] CADModel:125 - Updater not yet initialized, retry later 
2025-11-13 13:32:46,792 [FATAL] Updater:351 - Updater called before beeing initialized
2025-11-13 13:32:46,796 [INFO] CADModel:165 - CPN selected for project level
2025-11-13 13:32:46,797 [INFO] CADModel:114 - Register for checkConnection events
2025-11-13 13:32:46,797 [FATAL] Updater:351 - Updater called before beeing initialized
2025-11-13 13:32:46,797 [ERROR] CADModel:125 - Updater not yet initialized, retry later 
2025-11-13 13:32:46,806 [FATAL] Updater:351 - Updater called before beeing initialized
2025-11-13 13:32:47,072 [FATAL] Updater:351 - Updater called before beeing initialized
2025-11-13 13:32:47,083 [INFO] DbMcusAds:53 - JSON generation date=Mon Nov 10 05:43:01 EST 2025 (1762771381223)
2025-11-13 13:32:47,083 [FATAL] Updater:351 - Updater called before beeing initialized
2025-11-13 13:32:47,165 [WARN] DetailPanel:346 - Failed to get advertising image, set to default
2025-11-13 13:32:47,301 [FATAL] Updater:351 - Updater called before beeing initialized
2025-11-13 13:32:47,303 [FATAL] Updater:351 - Updater called before beeing initialized
2025-11-13 13:32:47,304 [FATAL] Updater:351 - Updater called before beeing initialized
2025-11-13 13:32:47,304 [WARN] DetailPanel:346 - Failed to get advertising image, set to default
2025-11-13 13:32:47,305 [FATAL] Updater:351 - Updater called before beeing initialized
2025-11-13 13:32:47,391 [ERROR] Updater:1198 - MainUpdater not yet initialized. External WinMGr cannot be set.
2025-11-13 13:32:47,393 [INFO] Updater:1134 - Updater Version found : 6.15.0
2025-11-13 13:32:47,418 [INFO] ApplicationProperties:184 - Using Application install path: C:\ST\STM32CubeIDE_1.19.0\STM32CubeIDE\plugins\com.st.stm32cube.common.mx_6.15.0.202507011659
2025-11-13 13:32:48,366 [INFO] ThirdPartyUpdaterWithRetryManager:70 - Updater plugin not ready yet. [2/15]
2025-11-13 13:32:49,010 [ERROR] LogOutputStream:75 - [STDERR_REDIRECT] Nov 13, 2025 1:32:49 PM java.util.prefs.WindowsPreferences <init>
2025-11-13 13:32:49,011 [ERROR] LogOutputStream:75 - [STDERR_REDIRECT] WARNING: Could not open/create prefs root node Software\JavaSoft\Prefs at root 0xffffffff80000002. Windows RegCreateKeyEx(...) returned error code 5.
2025-11-13 13:32:49,011 [ERROR] LogOutputStream:75 - [STDERR_REDIRECT] 
2025-11-13 13:32:49,498 [INFO] MainUpdater:2872 - connection check result : 10
2025-11-13 13:32:49,499 [INFO] MainUpdater:289 - Updater Check For Update Now.
2025-11-13 13:32:49,499 [INFO] MicroXplorer:498 - Change Database Version : DB.6.0.150
2025-11-13 13:32:49,508 [INFO] McuFinderGlobals:63 - Set McuFinder mode to 2 (CubeIDE integrated)
2025-11-13 13:32:49,510 [INFO] UserAuth:487 - Internet connection configuration mode: 1
2025-11-13 13:32:49,589 [INFO] JxBrowserEngine:152 - Initiate JxBrowser Engine with user profile folder
2025-11-13 13:32:49,750 [INFO] CheckServerUpdateThread:120 - End of CheckServer Thread
2025-11-13 13:32:50,695 [INFO] WebApp:169 - Instantiating new browser for Auth
2025-11-13 13:32:52,150 [WARN] PackLoader:240 - Cannot read IP mode file for STMicroelectronics.FP-SNS-MOTENVWB1.1.4.0
2025-11-13 13:32:52,173 [WARN] PackLoader:240 - Cannot read IP mode file for STMicroelectronics.FP-ATR-ASTRA1.2.0.2
2025-11-13 13:32:52,190 [WARN] PackLoader:240 - Cannot read IP mode file for STMicroelectronics.X-CUBE-SMBUS.2.1.0
2025-11-13 13:32:52,203 [WARN] PackLoader:240 - Cannot read IP mode file for STMicroelectronics.X-CUBE-ST60.1.0.0
2025-11-13 13:32:52,295 [WARN] PackLoader:240 - Cannot read IP mode file for STMicroelectronics.X-CUBE-AZRTOS-F7.1.1.0
2025-11-13 13:32:52,316 [WARN] PackLoader:240 - Cannot read IP mode file for STMicroelectronics.FP-SNS-MOTENV1.5.1.0
2025-11-13 13:32:52,357 [WARN] PackLoader:240 - Cannot read IP mode file for WES.I-CUBE-Cesium.1.4.0
2025-11-13 13:32:52,431 [WARN] PackLoader:240 - Cannot read IP mode file for Infineon.AIROC-Wi-Fi-Bluetooth-STM32.1.7.1
2025-11-13 13:32:52,548 [WARN] PackLoader:240 - Cannot read IP mode file for STMicroelectronics.X-CUBE-AZRTOS-H7.3.4.0
2025-11-13 13:32:52,579 [WARN] PackLoader:240 - Cannot read IP mode file for STMicroelectronics.X-CUBE-DISPLAY.3.0.0
2025-11-13 13:32:52,634 [WARN] PackLoader:240 - Cannot read IP mode file for STMicroelectronics.X-CUBE-NFC10.1.0.0
2025-11-13 13:32:52,648 [WARN] PackLoader:240 - Cannot read IP mode file for STMicroelectronics.X-CUBE-ST60.1.1.0
2025-11-13 13:32:52,663 [WARN] PackLoader:240 - Cannot read IP mode file for emotas.I-CUBE-CANOPEN.1.3.0
2025-11-13 13:32:52,677 [WARN] PackLoader:240 - Cannot read IP mode file for STMicroelectronics.X-CUBE-GNSS1.7.1.0
2025-11-13 13:32:52,695 [WARN] PackLoader:240 - Cannot read IP mode file for STMicroelectronics.FP-SNS-STBOX1.2.1.0
2025-11-13 13:32:52,708 [WARN] PackLoader:240 - Cannot read IP mode file for STMicroelectronics.FP-SNS-SMARTAG2.1.2.0
2025-11-13 13:32:52,718 [WARN] PackLoader:240 - Cannot read IP mode file for STMicroelectronics.FP-SNS-FLIGHT1.5.1.0
2025-11-13 13:32:52,740 [INFO] LogOutputStream:77 - [STDOUT_REDIRECT] 1 : Invalid condition id : UX_CORESTACK_Condition cause : null
2025-11-13 13:32:52,742 [INFO] LogOutputStream:77 - [STDOUT_REDIRECT] 1 : Invalid condition id : UX_CORESTACK_Condition cause : null
2025-11-13 13:32:52,747 [INFO] LogOutputStream:77 - [STDOUT_REDIRECT] 1 : Invalid condition id : UX_CORESTACK_Condition cause : null
2025-11-13 13:32:52,753 [INFO] LogOutputStream:77 - [STDOUT_REDIRECT] 1 : Invalid condition id : UX_CORESTACK_Condition cause : null
2025-11-13 13:32:52,756 [INFO] LogOutputStream:77 - [STDOUT_REDIRECT] 1 : Invalid condition id : UX_CORESTACK_Condition cause : null
2025-11-13 13:32:52,760 [WARN] PackLoader:240 - Cannot read IP mode file for STMicroelectronics.X-CUBE-AZRTOS-WL.2.0.0
2025-11-13 13:32:52,772 [WARN] PackLoader:240 - Cannot read IP mode file for STMicroelectronics.FP-SNS-MOTENV1.5.0.0
2025-11-13 13:32:52,794 [WARN] PackLoader:240 - Cannot read IP mode file for STMicroelectronics.X-CUBE-BLE2.3.3.0
2025-11-13 13:32:52,862 [WARN] PackLoader:240 - Cannot read IP mode file for STMicroelectronics.X-CUBE-NFC9.1.0.0
2025-11-13 13:32:52,870 [WARN] PackLoader:240 - Cannot read IP mode file for wolfSSL.I-CUBE-wolfSSL.5.8.2
2025-11-13 13:32:52,876 [WARN] PackLoader:240 - Cannot read IP mode file for STMicroelectronics.X-CUBE-BLE1.7.1.0
2025-11-13 13:32:52,881 [WARN] PackLoader:240 - Cannot read IP mode file for wolfSSL.I-CUBE-wolfMQTT.1.19.2
2025-11-13 13:32:52,887 [WARN] PackLoader:240 - Cannot read IP mode file for STMicroelectronics.X-CUBE-EEPRMA1.5.2.0
2025-11-13 13:32:52,895 [WARN] PackLoader:240 - Cannot read IP mode file for STMicroelectronics.X-CUBE-ST67W61.1.1.0
2025-11-13 13:32:52,917 [WARN] PackLoader:240 - Cannot read IP mode file for STMicroelectronics.X-CUBE-AZRTOS-G0.1.1.0
2025-11-13 13:32:52,925 [WARN] PackLoader:240 - Cannot read IP mode file for STMicroelectronics.X-CUBE-SAFEA1.1.2.2
2025-11-13 13:32:52,930 [WARN] PackLoader:240 - Cannot read IP mode file for STMicroelectronics.X-CUBE-NFC4.3.0.0
2025-11-13 13:32:52,938 [WARN] PackLoader:240 - Cannot read IP mode file for EmbeddedOffice.I-CUBE-FS-RTOS.1.0.1
2025-11-13 13:32:52,944 [WARN] PackLoader:240 - Cannot read IP mode file for STMicroelectronics.X-CUBE-WB05N.2.0.0
2025-11-13 13:32:52,948 [WARN] PackLoader:240 - Cannot read IP mode file for wolfSSL.I-CUBE-wolfTPM.3.8.0
2025-11-13 13:32:52,953 [WARN] PackLoader:240 - Cannot read IP mode file for STMicroelectronics.X-CUBE-TCPP.4.2.0
2025-11-13 13:32:52,958 [WARN] PackLoader:240 - Cannot read IP mode file for RealThread.X-CUBE-RT-Thread_Nano.4.1.1
2025-11-13 13:32:52,962 [WARN] PackLoader:240 - Cannot read IP mode file for STMicroelectronics.FP-ATR-SIGFOX1.3.2.0
2025-11-13 13:32:52,968 [WARN] PackLoader:240 - Cannot read IP mode file for ITTIA_DB.I-CUBE-ITTIADB.8.9.0
2025-11-13 13:32:52,981 [WARN] PackLoader:240 - Cannot read IP mode file for STMicroelectronics.X-CUBE-ST67W61.1.0.0
2025-11-13 13:32:52,985 [WARN] PackLoader:240 - Cannot read IP mode file for STMicroelectronics.X-CUBE-AI.10.2.0
2025-11-13 13:32:53,022 [WARN] PackLoader:240 - Cannot read IP mode file for SEGGER.I-CUBE-embOS.1.3.1
2025-11-13 13:32:53,154 [WARN] PackLoader:240 - Cannot read IP mode file for STMicroelectronics.X-CUBE-ALGOBUILD.1.4.0
2025-11-13 13:32:53,215 [WARN] PackLoader:240 - Cannot read IP mode file for STMicroelectronics.X-CUBE-MEMS1.11.3.0
2025-11-13 13:32:53,394 [WARN] PackLoader:240 - Cannot read IP mode file for STMicroelectronics.X-CUBE-PM33A1.1.0.0
2025-11-13 13:32:53,412 [WARN] PackLoader:240 - Cannot read IP mode file for STMicroelectronics.X-CUBE-AZRTOS-F4.1.1.0
2025-11-13 13:32:53,421 [WARN] PackLoader:240 - Cannot read IP mode file for Avnet-IotConnect.X-CUBE-IoTC-DA16k-PMOD.1.0.0
2025-11-13 13:32:53,429 [WARN] PackLoader:240 - Cannot read IP mode file for STMicroelectronics.X-CUBE-ISPU.2.1.0
2025-11-13 13:32:53,453 [WARN] PackLoader:240 - Cannot read IP mode file for STMicroelectronics.X-CUBE-IPS.3.2.0
2025-11-13 13:32:53,480 [WARN] PackLoader:240 - Cannot read IP mode file for STMicroelectronics.X-CUBE-NFC12.1.0.0
2025-11-13 13:32:53,505 [WARN] PackLoader:240 - Cannot read IP mode file for STMicroelectronics.X-CUBE-AZRTOS-L5.2.0.0
2025-11-13 13:32:53,519 [WARN] PackLoader:240 - Cannot read IP mode file for STMicroelectronics.X-CUBE-NFC6.3.1.0
2025-11-13 13:32:53,528 [WARN] PackLoader:240 - Cannot read IP mode file for STMicroelectronics.X-CUBE-FREERTOS.1.3.1
2025-11-13 13:32:53,546 [WARN] PackLoader:240 - Cannot read IP mode file for STMicroelectronics.X-CUBE-TOUCHGFX.4.26.0
2025-11-13 13:32:53,554 [WARN] PackLoader:240 - Cannot read IP mode file for STMicroelectronics.FP-SNS-STAIOTCFT.1.0.0
2025-11-13 13:32:53,562 [WARN] PackLoader:240 - Cannot read IP mode file for STMicroelectronics.X-CUBE-DPower.1.3.0
2025-11-13 13:32:53,587 [WARN] ConditionMgr:438 - getConditionDescription Invalid condition id : LAN8742 Phy interface Condition cause : null
2025-11-13 13:32:53,587 [WARN] PackLoader:240 - Cannot read IP mode file for STMicroelectronics.X-CUBE-AZRTOS-L4.2.0.0
2025-11-13 13:32:53,588 [WARN] ConditionMgr:1044 - genDependencies : Invalid condition id : LAN8742 Phy interface Condition cause : null
2025-11-13 13:32:53,588 [WARN] ConditionMgr:1044 - genDependencies : Invalid condition id : LAN8742 Phy interface Condition cause : null
2025-11-13 13:32:53,589 [WARN] ConditionMgr:1044 - genDependencies : Invalid condition id : LAN8742 Phy interface Condition cause : null
2025-11-13 13:32:53,606 [WARN] PackLoader:240 - Cannot read IP mode file for STMicroelectronics.X-CUBE-SFXS2LP1.4.0.0
2025-11-13 13:32:53,624 [WARN] PackLoader:240 - Cannot read IP mode file for STMicroelectronics.X-CUBE-BLEMGR.4.1.0
2025-11-13 13:32:53,646 [WARN] ConditionMgr:438 - getConditionDescription Invalid condition id : UX DEVICE CLASS RTOS Condition cause : null
2025-11-13 13:32:53,646 [WARN] ConditionMgr:438 - getConditionDescription Invalid condition id : UX DEVICE CLASS RTOS Condition cause : null
2025-11-13 13:32:53,649 [WARN] PackLoader:240 - Cannot read IP mode file for STMicroelectronics.X-CUBE-AZRTOS-WB.2.0.0
2025-11-13 13:32:53,650 [WARN] ConditionMgr:1044 - genDependencies : Invalid condition id : UX DEVICE CLASS RTOS Condition cause : null
2025-11-13 13:32:53,651 [WARN] ConditionMgr:1044 - genDependencies : Invalid condition id : UX DEVICE CLASS RTOS Condition cause : null
2025-11-13 13:32:53,652 [WARN] ConditionMgr:1044 - genDependencies : Invalid condition id : UX DEVICE CLASS RTOS Condition cause : null
2025-11-13 13:32:53,652 [WARN] ConditionMgr:1044 - genDependencies : Invalid condition id : UX DEVICE CLASS RTOS Condition cause : null
2025-11-13 13:32:53,652 [WARN] ConditionMgr:1044 - genDependencies : Invalid condition id : UX DEVICE CLASS RTOS Condition cause : null
2025-11-13 13:32:53,661 [WARN] PackLoader:240 - Cannot read IP mode file for STMicroelectronics.X-CUBE-GNSS1.7.0.1
2025-11-13 13:32:53,662 [INFO] WebApp:463 - Apply proxy settings
2025-11-13 13:32:53,662 [INFO] WebApp:548 - Chromium requires no authentication
2025-11-13 13:32:53,667 [WARN] PackLoader:240 - Cannot read IP mode file for STMicroelectronics.X-CUBE-TOUCHGFX.4.25.0
2025-11-13 13:32:53,673 [WARN] ConditionMgr:438 - getConditionDescription Invalid condition id : Cortex-A Device cause : null
2025-11-13 13:32:53,685 [WARN] ConditionMgr:1044 - genDependencies : Invalid condition id : Cortex-A Device cause : null
2025-11-13 13:32:53,685 [WARN] ConditionMgr:1044 - genDependencies : Invalid condition id : Cortex-A Device cause : null
2025-11-13 13:32:53,685 [WARN] ConditionMgr:1044 - genDependencies : Invalid condition id : Cortex-A Device cause : null
2025-11-13 13:32:53,697 [WARN] PackLoader:240 - Cannot read IP mode file for STMicroelectronics.X-CUBE-SUBG2.5.0.0
2025-11-13 13:32:53,723 [WARN] PackLoader:240 - Cannot read IP mode file for STMicroelectronics.X-CUBE-AZRTOS-H7RS.1.1.0
2025-11-13 13:32:53,733 [WARN] PackLoader:240 - Cannot read IP mode file for Cesanta.I-CUBE-Mongoose.7.13.0
2025-11-13 13:32:53,745 [WARN] PackLoader:240 - Cannot read IP mode file for STMicroelectronics.X-CUBE-AZRTOS-G4.2.0.0
2025-11-13 13:32:53,751 [WARN] PackLoader:240 - Cannot read IP mode file for wolfSSL.I-CUBE-wolfSSH.1.4.20
2025-11-13 13:32:53,758 [WARN] PackLoader:240 - Cannot read IP mode file for STMicroelectronics.X-CUBE-NFC7.2.0.0
2025-11-13 13:32:53,774 [WARN] PackLoader:240 - Cannot read IP mode file for STMicroelectronics.X-CUBE-IPS.3.1.0
2025-11-13 13:32:53,786 [WARN] PackLoader:240 - Cannot read IP mode file for STMicroelectronics.X-CUBE-ALS.1.0.2
2025-11-13 13:32:53,789 [INFO] WebApp:491 - Direct internet connection detected
2025-11-13 13:32:53,793 [WARN] PackLoader:240 - Cannot read IP mode file for STMicroelectronics.X-CUBE-STSE01.1.0.0
2025-11-13 13:32:53,807 [WARN] PackLoader:240 - Cannot read IP mode file for STMicroelectronics.X-CUBE-TOF1.3.4.3
2025-11-13 13:32:53,819 [INFO] ThirdParty:978 - Integrity check success = true
2025-11-13 13:32:53,819 [INFO] IntegrityCheckThread:100 - exiting critical section [integrity check]
2025-11-13 13:32:53,819 [INFO] IntegrityCheckThread:103 - End integrity checks thread
2025-11-13 13:32:54,142 [INFO] WebApp:191 - Connection restablished
2025-11-13 13:32:54,340 [INFO] WebApp:900 - Register for checkConnection events
2025-11-13 13:32:54,341 [INFO] WebApp:463 - Apply proxy settings
2025-11-13 13:32:54,341 [INFO] WebApp:548 - Chromium requires no authentication
2025-11-13 13:32:54,342 [INFO] WebApp:491 - Direct internet connection detected
2025-11-13 13:32:55,805 [INFO] WebApp:225 - Starting web application
2025-11-13 13:32:55,805 [INFO] WebApp:593 - Web application path used C:\ST\STM32CubeIDE_1.19.0\STM32CubeIDE\plugins\com.st.stm32cube.common.mx_6.15.0.202507011659\db\plugins\mcufinder\reactClient1\index.html
2025-11-13 13:32:55,950 [INFO] UserAuth:487 - Internet connection configuration mode: 1
2025-11-13 13:50:33,128 [ERROR] LogOutputStream:75 - [STDERR_REDIRECT] 
